<?xml version="1.0" encoding="UTF-8"?>
<testng-results skipped="0" failed="1" total="6" passed="5">
  <reporter-output>
    <line>
      <![CDATA[Test passed: Test passed.]]>
    </line>
    <line>
      <![CDATA[Resource name: Firefox.]]>
    </line>
    <line>
      <![CDATA[Test passed: Test passed.]]>
    </line>
    <line>
      <![CDATA[Resource name: Firefox.]]>
    </line>
    <line>
      <![CDATA[Screenshot saved in file: /Users/avner/git/my-tests/my-tests/test-output/screenshots/2015-11-05-11-41-32-693-IST.png]]>
    </line>
    <line>
      <![CDATA[<br> <img src=/Users/avner/git/my-tests/my-tests/test-output/screenshots/2015-11-05-11-41-32-693-IST.png style="max-width:50%;max-height:50%" /> <br>]]>
    </line>
    <line>
      <![CDATA[Screenshot saved in file: /Users/avner/git/my-tests/my-tests/test-output/screenshots/2015-11-05-11-41-33-039-IST.png]]>
    </line>
    <line>
      <![CDATA[<br> <img src=/Users/avner/git/my-tests/my-tests/test-output/screenshots/2015-11-05-11-41-33-039-IST.png style="max-width:50%;max-height:50%" /> <br>]]>
    </line>
    <line>
      <![CDATA[Test passed: Test passed.]]>
    </line>
    <line>
      <![CDATA[Resource name: Firefox.]]>
    </line>
    <line>
      <![CDATA[Screenshot saved in file: /Users/avner/git/my-tests/my-tests/test-output/screenshots/2015-11-05-11-41-44-617-IST.png]]>
    </line>
    <line>
      <![CDATA[<br> <img src=/Users/avner/git/my-tests/my-tests/test-output/screenshots/2015-11-05-11-41-44-617-IST.png style="max-width:50%;max-height:50%" /> <br>]]>
    </line>
    <line>
      <![CDATA[Test passed: Test passed.]]>
    </line>
    <line>
      <![CDATA[Resource name: Firefox.]]>
    </line>
    <line>
      <![CDATA[Screenshot saved in file: /Users/avner/git/my-tests/my-tests/test-output/screenshots/2015-11-05-11-41-57-903-IST.png]]>
    </line>
    <line>
      <![CDATA[<br> <img src=/Users/avner/git/my-tests/my-tests/test-output/screenshots/2015-11-05-11-41-57-903-IST.png style="max-width:50%;max-height:50%" /> <br>]]>
    </line>
    <line>
      <![CDATA[Value is: , Should be: Jenkins TomCat Setup as a Windows Service – CI Automation.]]>
    </line>
    <line>
      <![CDATA[Resource name: Firefox.]]>
    </line>
    <line>
      <![CDATA[Error screenshot saved in file: /Users/avner/git/my-tests/my-tests/test-output/screenshots/2015-11-05-11-42-08-828-IST.png]]>
    </line>
    <line>
      <![CDATA[<br> <img src=/Users/avner/git/my-tests/my-tests/test-output/screenshots/2015-11-05-11-42-08-828-IST.png style="max-width:50%;max-height:50%" /> <br>]]>
    </line>
    <line>
      <![CDATA[Test passed: Test passed.]]>
    </line>
    <line>
      <![CDATA[Resource name: Firefox.]]>
    </line>
    <line>
      <![CDATA[Screenshot saved in file: /Users/avner/git/my-tests/my-tests/test-output/screenshots/2015-11-05-11-42-30-385-IST.png]]>
    </line>
    <line>
      <![CDATA[<br> <img src=/Users/avner/git/my-tests/my-tests/test-output/screenshots/2015-11-05-11-42-30-385-IST.png style="max-width:50%;max-height:50%" /> <br>]]>
    </line>
  </reporter-output>
  <suite name="Suite" duration-ms="1926646" started-at="2015-11-05T09:41:12Z" finished-at="2015-11-05T10:13:19Z">
    <groups>
    </groups>
    <test name="Test" duration-ms="1926646" started-at="2015-11-05T09:41:12Z" finished-at="2015-11-05T10:13:19Z">
      <class name="testng.SignIn">
        <test-method status="PASS" signature="beforeClass(org.testng.ITestContext)[pri:0, instance:testng.SignIn@e4487af]" name="beforeClass" is-config="true" duration-ms="5" started-at="2015-11-05T11:41:12Z" finished-at="2015-11-05T11:41:12Z">
          <params>
            <param index="0">
              <value>
                <![CDATA[org.testng.TestRunner@49dc7102]]>
              </value>
            </param>
          </params>
          <reporter-output>
          </reporter-output>
        </test-method> <!-- beforeClass -->
        <test-method status="PASS" signature="beforeMethod(java.lang.reflect.Method)[pri:0, instance:testng.SignIn@e4487af]" name="beforeMethod" is-config="true" duration-ms="4543" started-at="2015-11-05T11:41:13Z" finished-at="2015-11-05T11:41:17Z">
          <params>
            <param index="0">
              <value>
                <![CDATA[public void testng.SignIn.signIn(java.lang.String,java.lang.String,java.lang.String)]]>
              </value>
            </param>
          </params>
          <reporter-output>
          </reporter-output>
        </test-method> <!-- beforeMethod -->
        <test-method status="PASS" signature="signIn(java.lang.String, java.lang.String, java.lang.String)[pri:0, instance:testng.SignIn@e4487af]" name="signIn" duration-ms="15836" started-at="2015-11-05T11:41:17Z" data-provider="logInData" finished-at="2015-11-05T11:41:33Z">
          <params>
            <param index="0">
              <value>
                <![CDATA[avnerg@perfectomobile.com]]>
              </value>
            </param>
            <param index="1">
              <value>
                <![CDATA[a1001a]]>
              </value>
            </param>
            <param index="2">
              <value>
                <![CDATA[Hi, Avner!]]>
              </value>
            </param>
          </params>
          <reporter-output>
            <line>
              <![CDATA[Test passed: Test passed.]]>
            </line>
            <line>
              <![CDATA[Resource name: Firefox.]]>
            </line>
            <line>
              <![CDATA[Screenshot saved in file: /Users/avner/git/my-tests/my-tests/test-output/screenshots/2015-11-05-11-41-33-039-IST.png]]>
            </line>
            <line>
              <![CDATA[<br> <img src=/Users/avner/git/my-tests/my-tests/test-output/screenshots/2015-11-05-11-41-33-039-IST.png style="max-width:50%;max-height:50%" /> <br>]]>
            </line>
          </reporter-output>
        </test-method> <!-- signIn -->
        <test-method status="PASS" signature="beforeMethod(java.lang.reflect.Method)[pri:0, instance:testng.SignIn@e4487af]" name="beforeMethod" is-config="true" duration-ms="0" started-at="2015-11-05T11:41:33Z" finished-at="2015-11-05T11:41:33Z">
          <params>
            <param index="0">
              <value>
                <![CDATA[public void testng.SignIn.signIn(java.lang.String,java.lang.String,java.lang.String)]]>
              </value>
            </param>
          </params>
          <reporter-output>
          </reporter-output>
        </test-method> <!-- beforeMethod -->
        <test-method status="PASS" signature="signIn(java.lang.String, java.lang.String, java.lang.String)[pri:0, instance:testng.SignIn@e4487af]" name="signIn" duration-ms="57219" started-at="2015-11-05T11:41:33Z" data-provider="logInData" finished-at="2015-11-05T11:42:30Z">
          <params>
            <param index="0">
              <value>
                <![CDATA[wrongEmail@gmail.com]]>
              </value>
            </param>
            <param index="1">
              <value>
                <![CDATA[xxxxxxx]]>
              </value>
            </param>
            <param index="2">
              <value>
                <![CDATA[]]>
              </value>
            </param>
          </params>
          <reporter-output>
            <line>
              <![CDATA[Test passed: Test passed.]]>
            </line>
            <line>
              <![CDATA[Resource name: Firefox.]]>
            </line>
            <line>
              <![CDATA[Screenshot saved in file: /Users/avner/git/my-tests/my-tests/test-output/screenshots/2015-11-05-11-42-30-385-IST.png]]>
            </line>
            <line>
              <![CDATA[<br> <img src=/Users/avner/git/my-tests/my-tests/test-output/screenshots/2015-11-05-11-42-30-385-IST.png style="max-width:50%;max-height:50%" /> <br>]]>
            </line>
          </reporter-output>
        </test-method> <!-- signIn -->
        <test-method status="PASS" signature="afterClass()[pri:0, instance:testng.SignIn@e4487af]" name="afterClass" is-config="true" duration-ms="383" started-at="2015-11-05T11:42:30Z" finished-at="2015-11-05T11:42:30Z">
          <reporter-output>
          </reporter-output>
        </test-method> <!-- afterClass -->
      </class> <!-- testng.SignIn -->
      <class name="testng.FindPost">
        <test-method status="PASS" signature="beforeClass(org.testng.ITestContext)[pri:0, instance:testng.FindPost@7b02881e]" name="beforeClass" is-config="true" duration-ms="5" started-at="2015-11-05T11:41:12Z" finished-at="2015-11-05T11:41:12Z">
          <params>
            <param index="0">
              <value>
                <![CDATA[org.testng.TestRunner@49dc7102]]>
              </value>
            </param>
          </params>
          <reporter-output>
          </reporter-output>
        </test-method> <!-- beforeClass -->
        <test-method status="PASS" signature="beforeMethod(java.lang.reflect.Method)[pri:0, instance:testng.FindPost@7b02881e]" name="beforeMethod" is-config="true" duration-ms="7255" started-at="2015-11-05T11:41:13Z" finished-at="2015-11-05T11:41:20Z">
          <params>
            <param index="0">
              <value>
                <![CDATA[public void testng.FindPost.findPost(java.lang.String,java.lang.String,java.lang.String) throws java.lang.Exception]]>
              </value>
            </param>
          </params>
          <reporter-output>
          </reporter-output>
        </test-method> <!-- beforeMethod -->
        <test-method status="PASS" signature="findPost(java.lang.String, java.lang.String, java.lang.String)[pri:0, instance:testng.FindPost@7b02881e]" name="findPost" duration-ms="12805" started-at="2015-11-05T11:41:20Z" data-provider="findPostDP" finished-at="2015-11-05T11:41:33Z">
          <params>
            <param index="0">
              <value>
                <![CDATA[fluent wait]]>
              </value>
            </param>
            <param index="1">
              <value>
                <![CDATA[1.0]]>
              </value>
            </param>
            <param index="2">
              <value>
                <![CDATA[Selenium wait for object]]>
              </value>
            </param>
          </params>
          <reporter-output>
            <line>
              <![CDATA[Test passed: Test passed.]]>
            </line>
            <line>
              <![CDATA[Resource name: Firefox.]]>
            </line>
            <line>
              <![CDATA[Screenshot saved in file: /Users/avner/git/my-tests/my-tests/test-output/screenshots/2015-11-05-11-41-32-693-IST.png]]>
            </line>
            <line>
              <![CDATA[<br> <img src=/Users/avner/git/my-tests/my-tests/test-output/screenshots/2015-11-05-11-41-32-693-IST.png style="max-width:50%;max-height:50%" /> <br>]]>
            </line>
          </reporter-output>
        </test-method> <!-- findPost -->
        <test-method status="PASS" signature="beforeMethod(java.lang.reflect.Method)[pri:0, instance:testng.FindPost@7b02881e]" name="beforeMethod" is-config="true" duration-ms="0" started-at="2015-11-05T11:41:33Z" finished-at="2015-11-05T11:41:33Z">
          <params>
            <param index="0">
              <value>
                <![CDATA[public void testng.FindPost.findPost(java.lang.String,java.lang.String,java.lang.String) throws java.lang.Exception]]>
              </value>
            </param>
          </params>
          <reporter-output>
          </reporter-output>
        </test-method> <!-- beforeMethod -->
        <test-method status="PASS" signature="findPost(java.lang.String, java.lang.String, java.lang.String)[pri:0, instance:testng.FindPost@7b02881e]" name="findPost" duration-ms="11752" started-at="2015-11-05T11:41:33Z" data-provider="findPostDP" finished-at="2015-11-05T11:41:44Z">
          <params>
            <param index="0">
              <value>
                <![CDATA[testng]]>
              </value>
            </param>
            <param index="1">
              <value>
                <![CDATA[1.0]]>
              </value>
            </param>
            <param index="2">
              <value>
                <![CDATA[Manage TestNG execution and Data]]>
              </value>
            </param>
          </params>
          <reporter-output>
            <line>
              <![CDATA[Test passed: Test passed.]]>
            </line>
            <line>
              <![CDATA[Resource name: Firefox.]]>
            </line>
            <line>
              <![CDATA[Screenshot saved in file: /Users/avner/git/my-tests/my-tests/test-output/screenshots/2015-11-05-11-41-44-617-IST.png]]>
            </line>
            <line>
              <![CDATA[<br> <img src=/Users/avner/git/my-tests/my-tests/test-output/screenshots/2015-11-05-11-41-44-617-IST.png style="max-width:50%;max-height:50%" /> <br>]]>
            </line>
          </reporter-output>
        </test-method> <!-- findPost -->
        <test-method status="PASS" signature="beforeMethod(java.lang.reflect.Method)[pri:0, instance:testng.FindPost@7b02881e]" name="beforeMethod" is-config="true" duration-ms="1" started-at="2015-11-05T11:41:44Z" finished-at="2015-11-05T11:41:44Z">
          <params>
            <param index="0">
              <value>
                <![CDATA[public void testng.FindPost.findPost(java.lang.String,java.lang.String,java.lang.String) throws java.lang.Exception]]>
              </value>
            </param>
          </params>
          <reporter-output>
          </reporter-output>
        </test-method> <!-- beforeMethod -->
        <test-method status="PASS" signature="findPost(java.lang.String, java.lang.String, java.lang.String)[pri:0, instance:testng.FindPost@7b02881e]" name="findPost" duration-ms="13212" started-at="2015-11-05T11:41:44Z" data-provider="findPostDP" finished-at="2015-11-05T11:41:58Z">
          <params>
            <param index="0">
              <value>
                <![CDATA[jenkins setup]]>
              </value>
            </param>
            <param index="1">
              <value>
                <![CDATA[2.0]]>
              </value>
            </param>
            <param index="2">
              <value>
                <![CDATA[Jenkins TomCat Setup as a Windows Service – CI Automation]]>
              </value>
            </param>
          </params>
          <reporter-output>
            <line>
              <![CDATA[Test passed: Test passed.]]>
            </line>
            <line>
              <![CDATA[Resource name: Firefox.]]>
            </line>
            <line>
              <![CDATA[Screenshot saved in file: /Users/avner/git/my-tests/my-tests/test-output/screenshots/2015-11-05-11-41-57-903-IST.png]]>
            </line>
            <line>
              <![CDATA[<br> <img src=/Users/avner/git/my-tests/my-tests/test-output/screenshots/2015-11-05-11-41-57-903-IST.png style="max-width:50%;max-height:50%" /> <br>]]>
            </line>
          </reporter-output>
        </test-method> <!-- findPost -->
        <test-method status="PASS" signature="beforeMethod(java.lang.reflect.Method)[pri:0, instance:testng.FindPost@7b02881e]" name="beforeMethod" is-config="true" duration-ms="0" started-at="2015-11-05T11:41:58Z" finished-at="2015-11-05T11:41:58Z">
          <params>
            <param index="0">
              <value>
                <![CDATA[public void testng.FindPost.findPost(java.lang.String,java.lang.String,java.lang.String) throws java.lang.Exception]]>
              </value>
            </param>
          </params>
          <reporter-output>
          </reporter-output>
        </test-method> <!-- beforeMethod -->
        <test-method status="FAIL" signature="findPost(java.lang.String, java.lang.String, java.lang.String)[pri:0, instance:testng.FindPost@7b02881e]" name="findPost" duration-ms="10967" started-at="2015-11-05T11:41:58Z" data-provider="findPostDP" finished-at="2015-11-05T11:42:09Z">
          <params>
            <param index="0">
              <value>
                <![CDATA[ci]]>
              </value>
            </param>
            <param index="1">
              <value>
                <![CDATA[1.0]]>
              </value>
            </param>
            <param index="2">
              <value>
                <![CDATA[Jenkins TomCat Setup as a Windows Service – CI Automation]]>
              </value>
            </param>
          </params>
          <exception class="java.lang.AssertionError">
            <message>
              <![CDATA[null]]>
            </message>
            <full-stacktrace>
              <![CDATA[java.lang.AssertionError: null
	at org.testng.Assert.fail(Assert.java:94)
	at org.testng.Assert.fail(Assert.java:101)
	at com.perfectomobile.test.BasicTest.reportFail(BasicTest.java:297)
	at testng.FindPost.findPost(FindPost.java:41)
	at sun.reflect.NativeMethodAccessorImpl.invoke0(Native Method)
	at sun.reflect.NativeMethodAccessorImpl.invoke(NativeMethodAccessorImpl.java:62)
	at sun.reflect.DelegatingMethodAccessorImpl.invoke(DelegatingMethodAccessorImpl.java:43)
	at java.lang.reflect.Method.invoke(Method.java:497)
	at org.testng.internal.MethodInvocationHelper.invokeMethod(MethodInvocationHelper.java:84)
	at org.testng.internal.Invoker.invokeMethod(Invoker.java:714)
	at org.testng.internal.Invoker.invokeTestMethod(Invoker.java:901)
	at org.testng.internal.Invoker.invokeTestMethods(Invoker.java:1231)
	at org.testng.internal.TestMethodWorker.invokeTestMethods(TestMethodWorker.java:127)
	at org.testng.internal.TestMethodWorker.run(TestMethodWorker.java:111)
	at java.util.concurrent.ThreadPoolExecutor.runWorker(ThreadPoolExecutor.java:1142)
	at java.util.concurrent.ThreadPoolExecutor$Worker.run(ThreadPoolExecutor.java:617)
	at java.lang.Thread.run(Thread.java:745)
]]>
            </full-stacktrace>
          </exception> <!-- java.lang.AssertionError -->
          <reporter-output>
            <line>
              <![CDATA[Value is: , Should be: Jenkins TomCat Setup as a Windows Service – CI Automation.]]>
            </line>
            <line>
              <![CDATA[Resource name: Firefox.]]>
            </line>
            <line>
              <![CDATA[Error screenshot saved in file: /Users/avner/git/my-tests/my-tests/test-output/screenshots/2015-11-05-11-42-08-828-IST.png]]>
            </line>
            <line>
              <![CDATA[<br> <img src=/Users/avner/git/my-tests/my-tests/test-output/screenshots/2015-11-05-11-42-08-828-IST.png style="max-width:50%;max-height:50%" /> <br>]]>
            </line>
          </reporter-output>
        </test-method> <!-- findPost -->
        <test-method status="PASS" signature="afterClass()[pri:0, instance:testng.FindPost@7b02881e]" name="afterClass" is-config="true" duration-ms="1870536" started-at="2015-11-05T11:42:09Z" finished-at="2015-11-05T12:13:19Z">
          <reporter-output>
          </reporter-output>
        </test-method> <!-- afterClass -->
      </class> <!-- testng.FindPost -->
    </test> <!-- Test -->
  </suite> <!-- Suite -->
</testng-results>
