<?xml version="1.0" encoding="UTF-8"?>
<testng-results skipped="0" failed="5" total="15" passed="10">
  <reporter-output>
    <line>
      <![CDATA[Test passed: Test passed.]]>
    </line>
    <line>
      <![CDATA[Resource name: Chrome.]]>
    </line>
    <line>
      <![CDATA[Screenshot saved in file: C:\Users\AvnerG\workspace\my-tests\test-output\screenshots-tests\2015-09-18-16-33-34-735-IDT.png]]>
    </line>
    <line>
      <![CDATA[<br> <img src=C:\Users\AvnerG\workspace\my-tests\test-output\screenshots-tests\2015-09-18-16-33-34-735-IDT.png style="max-width:50%;max-height:50%" /> <br>]]>
    </line>
    <line>
      <![CDATA[Test passed: Test passed.]]>
    </line>
    <line>
      <![CDATA[Resource name: Firefox.]]>
    </line>
    <line>
      <![CDATA[Screenshot saved in file: C:\Users\AvnerG\workspace\my-tests\test-output\screenshots-tests\2015-09-18-16-33-46-508-IDT.png]]>
    </line>
    <line>
      <![CDATA[<br> <img src=C:\Users\AvnerG\workspace\my-tests\test-output\screenshots-tests\2015-09-18-16-33-46-508-IDT.png style="max-width:50%;max-height:50%" /> <br>]]>
    </line>
    <line>
      <![CDATA[Test passed: Test passed.]]>
    </line>
    <line>
      <![CDATA[Resource name: Galaxy S5 Brian.]]>
    </line>
    <line>
      <![CDATA[Test passed: Test passed.]]>
    </line>
    <line>
      <![CDATA[Resource name: Chrome.]]>
    </line>
    <line>
      <![CDATA[Screenshot saved in file: C:\Users\AvnerG\workspace\my-tests\test-output\screenshots-tests\2015-09-18-16-34-25-427-IDT.png]]>
    </line>
    <line>
      <![CDATA[<br> <img src=C:\Users\AvnerG\workspace\my-tests\test-output\screenshots-tests\2015-09-18-16-34-25-427-IDT.png style="max-width:50%;max-height:50%" /> <br>]]>
    </line>
    <line>
      <![CDATA[Test passed: Test passed.]]>
    </line>
    <line>
      <![CDATA[Resource name: iPhone-6 Avner.]]>
    </line>
    <line>
      <![CDATA[Screenshot saved in file: C:\Users\AvnerG\workspace\my-tests\test-output\screenshots-tests\2015-09-18-16-34-28-101-IDT.png]]>
    </line>
    <line>
      <![CDATA[<br> <img src=C:\Users\AvnerG\workspace\my-tests\test-output\screenshots-tests\2015-09-18-16-34-28-101-IDT.png style="max-width:50%;max-height:50%" /> <br>]]>
    </line>
    <line>
      <![CDATA[Screenshot saved in file: C:\Users\AvnerG\workspace\my-tests\test-output\screenshots-tests\2015-09-18-16-34-32-051-IDT.png]]>
    </line>
    <line>
      <![CDATA[<br> <img src=C:\Users\AvnerG\workspace\my-tests\test-output\screenshots-tests\2015-09-18-16-34-32-051-IDT.png style="max-width:50%;max-height:50%" /> <br>]]>
    </line>
    <line>
      <![CDATA[Test passed: Test passed.]]>
    </line>
    <line>
      <![CDATA[Resource name: iPad Air 2 Shared.]]>
    </line>
    <line>
      <![CDATA[Screenshot saved in file: C:\Users\AvnerG\workspace\my-tests\test-output\screenshots-tests\2015-09-18-16-34-47-978-IDT.png]]>
    </line>
    <line>
      <![CDATA[<br> <img src=C:\Users\AvnerG\workspace\my-tests\test-output\screenshots-tests\2015-09-18-16-34-47-978-IDT.png style="max-width:50%;max-height:50%" /> <br>]]>
    </line>
    <line>
      <![CDATA[Test passed: Test passed.]]>
    </line>
    <line>
      <![CDATA[Resource name: Firefox.]]>
    </line>
    <line>
      <![CDATA[Screenshot saved in file: C:\Users\AvnerG\workspace\my-tests\test-output\screenshots-tests\2015-09-18-16-34-49-465-IDT.png]]>
    </line>
    <line>
      <![CDATA[<br> <img src=C:\Users\AvnerG\workspace\my-tests\test-output\screenshots-tests\2015-09-18-16-34-49-465-IDT.png style="max-width:50%;max-height:50%" /> <br>]]>
    </line>
    <line>
      <![CDATA[Value is: , Should be: Hi Someone!.]]>
    </line>
    <line>
      <![CDATA[Resource name: Chrome.]]>
    </line>
    <line>
      <![CDATA[Error screenshot saved in file: C:\Users\AvnerG\workspace\my-tests\test-output\screenshots-tests\2015-09-18-16-35-12-604-IDT.png]]>
    </line>
    <line>
      <![CDATA[<br> <img src=C:\Users\AvnerG\workspace\my-tests\test-output\screenshots-tests\2015-09-18-16-35-12-604-IDT.png style="max-width:50%;max-height:50%" /> <br>]]>
    </line>
    <line>
      <![CDATA[Value is: , Should be: Hi Someone!.]]>
    </line>
    <line>
      <![CDATA[Resource name: Firefox.]]>
    </line>
    <line>
      <![CDATA[Error screenshot saved in file: C:\Users\AvnerG\workspace\my-tests\test-output\screenshots-tests\2015-09-18-16-35-48-155-IDT.png]]>
    </line>
    <line>
      <![CDATA[<br> <img src=C:\Users\AvnerG\workspace\my-tests\test-output\screenshots-tests\2015-09-18-16-35-48-155-IDT.png style="max-width:50%;max-height:50%" /> <br>]]>
    </line>
    <line>
      <![CDATA[Test passed: Test passed.]]>
    </line>
    <line>
      <![CDATA[Resource name: iPhone-6 Avner.]]>
    </line>
    <line>
      <![CDATA[Screenshot saved in file: C:\Users\AvnerG\workspace\my-tests\test-output\screenshots-tests\2015-09-18-16-36-00-252-IDT.png]]>
    </line>
    <line>
      <![CDATA[<br> <img src=C:\Users\AvnerG\workspace\my-tests\test-output\screenshots-tests\2015-09-18-16-36-00-252-IDT.png style="max-width:50%;max-height:50%" /> <br>]]>
    </line>
    <line>
      <![CDATA[Test passed: Test passed.]]>
    </line>
    <line>
      <![CDATA[Resource name: Galaxy S5 Brian.]]>
    </line>
    <line>
      <![CDATA[Screenshot saved in file: C:\Users\AvnerG\workspace\my-tests\test-output\screenshots-tests\2015-09-18-16-36-09-304-IDT.png]]>
    </line>
    <line>
      <![CDATA[<br> <img src=C:\Users\AvnerG\workspace\my-tests\test-output\screenshots-tests\2015-09-18-16-36-09-304-IDT.png style="max-width:50%;max-height:50%" /> <br>]]>
    </line>
    <line>
      <![CDATA[Test passed: Test passed.]]>
    </line>
    <line>
      <![CDATA[Resource name: iPad Air 2 Shared.]]>
    </line>
    <line>
      <![CDATA[Screenshot saved in file: C:\Users\AvnerG\workspace\my-tests\test-output\screenshots-tests\2015-09-18-16-36-22-358-IDT.png]]>
    </line>
    <line>
      <![CDATA[<br> <img src=C:\Users\AvnerG\workspace\my-tests\test-output\screenshots-tests\2015-09-18-16-36-22-358-IDT.png style="max-width:50%;max-height:50%" /> <br>]]>
    </line>
    <line>
      <![CDATA[Value is: , Should be: Hi Someone!.]]>
    </line>
    <line>
      <![CDATA[Resource name: iPhone-6 Avner.]]>
    </line>
    <line>
      <![CDATA[Error screenshot saved in file: C:\Users\AvnerG\workspace\my-tests\test-output\screenshots-tests\2015-09-18-16-37-25-653-IDT.png]]>
    </line>
    <line>
      <![CDATA[<br> <img src=C:\Users\AvnerG\workspace\my-tests\test-output\screenshots-tests\2015-09-18-16-37-25-653-IDT.png style="max-width:50%;max-height:50%" /> <br>]]>
    </line>
    <line>
      <![CDATA[Value is: , Should be: Hi Someone!.]]>
    </line>
    <line>
      <![CDATA[Resource name: Galaxy S5 Brian.]]>
    </line>
    <line>
      <![CDATA[Error screenshot saved in file: C:\Users\AvnerG\workspace\my-tests\test-output\screenshots-tests\2015-09-18-16-37-42-113-IDT.png]]>
    </line>
    <line>
      <![CDATA[<br> <img src=C:\Users\AvnerG\workspace\my-tests\test-output\screenshots-tests\2015-09-18-16-37-42-113-IDT.png style="max-width:50%;max-height:50%" /> <br>]]>
    </line>
    <line>
      <![CDATA[Value is: , Should be: Hi Someone!.]]>
    </line>
    <line>
      <![CDATA[Resource name: iPad Air 2 Shared.]]>
    </line>
    <line>
      <![CDATA[Error screenshot saved in file: C:\Users\AvnerG\workspace\my-tests\test-output\screenshots-tests\2015-09-18-16-37-52-056-IDT.png]]>
    </line>
    <line>
      <![CDATA[<br> <img src=C:\Users\AvnerG\workspace\my-tests\test-output\screenshots-tests\2015-09-18-16-37-52-056-IDT.png style="max-width:50%;max-height:50%" /> <br>]]>
    </line>
  </reporter-output>
  <suite name="Suite" duration-ms="289391" started-at="2015-09-18T13:33:13Z" finished-at="2015-09-18T13:38:02Z">
    <groups>
    </groups>
    <test name="Test" duration-ms="289391" started-at="2015-09-18T13:33:13Z" finished-at="2015-09-18T13:38:02Z">
      <class name="testng.SignIn">
        <test-method status="PASS" signature="beforeClass(org.testng.ITestContext)[pri:0, instance:testng.SignIn@17fa385b]" name="beforeClass" is-config="true" duration-ms="7" started-at="2015-09-18T16:33:13Z" finished-at="2015-09-18T16:33:13Z">
          <params>
            <param index="0">
              <value>
                <![CDATA[org.testng.TestRunner@23178ebf]]>
              </value>
            </param>
          </params>
          <reporter-output>
          </reporter-output>
        </test-method> <!-- beforeClass -->
        <test-method status="PASS" signature="beforeClass(org.testng.ITestContext)[pri:0, instance:testng.SignIn@17fa385b]" name="beforeClass" is-config="true" duration-ms="0" started-at="2015-09-18T16:33:13Z" finished-at="2015-09-18T16:33:13Z">
          <params>
            <param index="0">
              <value>
                <![CDATA[org.testng.TestRunner@23178ebf]]>
              </value>
            </param>
          </params>
          <reporter-output>
          </reporter-output>
        </test-method> <!-- beforeClass -->
        <test-method status="PASS" signature="beforeClass(org.testng.ITestContext)[pri:0, instance:testng.SignIn@17fa385b]" name="beforeClass" is-config="true" duration-ms="0" started-at="2015-09-18T16:33:13Z" finished-at="2015-09-18T16:33:13Z">
          <params>
            <param index="0">
              <value>
                <![CDATA[org.testng.TestRunner@23178ebf]]>
              </value>
            </param>
          </params>
          <reporter-output>
          </reporter-output>
        </test-method> <!-- beforeClass -->
        <test-method status="PASS" signature="beforeClass(org.testng.ITestContext)[pri:0, instance:testng.SignIn@17fa385b]" name="beforeClass" is-config="true" duration-ms="1" started-at="2015-09-18T16:33:13Z" finished-at="2015-09-18T16:33:13Z">
          <params>
            <param index="0">
              <value>
                <![CDATA[org.testng.TestRunner@23178ebf]]>
              </value>
            </param>
          </params>
          <reporter-output>
          </reporter-output>
        </test-method> <!-- beforeClass -->
        <test-method status="PASS" signature="beforeClass(org.testng.ITestContext)[pri:0, instance:testng.SignIn@17fa385b]" name="beforeClass" is-config="true" duration-ms="0" started-at="2015-09-18T16:33:13Z" finished-at="2015-09-18T16:33:13Z">
          <params>
            <param index="0">
              <value>
                <![CDATA[org.testng.TestRunner@23178ebf]]>
              </value>
            </param>
          </params>
          <reporter-output>
          </reporter-output>
        </test-method> <!-- beforeClass -->
        <test-method status="PASS" signature="beforeMethod(java.lang.reflect.Method)[pri:0, instance:testng.SignIn@17fa385b]" name="beforeMethod" is-config="true" duration-ms="26495" started-at="2015-09-18T16:33:13Z" finished-at="2015-09-18T16:33:39Z">
          <params>
            <param index="0">
              <value>
                <![CDATA[public void testng.SignIn.signIn(java.lang.String,java.lang.String,java.lang.String)]]>
              </value>
            </param>
          </params>
          <reporter-output>
          </reporter-output>
        </test-method> <!-- beforeMethod -->
        <test-method status="PASS" signature="beforeMethod(java.lang.reflect.Method)[pri:0, instance:testng.SignIn@17fa385b]" name="beforeMethod" is-config="true" duration-ms="37468" started-at="2015-09-18T16:33:13Z" finished-at="2015-09-18T16:33:50Z">
          <params>
            <param index="0">
              <value>
                <![CDATA[public void testng.SignIn.signIn(java.lang.String,java.lang.String,java.lang.String)]]>
              </value>
            </param>
          </params>
          <reporter-output>
          </reporter-output>
        </test-method> <!-- beforeMethod -->
        <test-method status="PASS" signature="beforeMethod(java.lang.reflect.Method)[pri:0, instance:testng.SignIn@17fa385b]" name="beforeMethod" is-config="true" duration-ms="4479" started-at="2015-09-18T16:33:13Z" finished-at="2015-09-18T16:33:18Z">
          <params>
            <param index="0">
              <value>
                <![CDATA[public void testng.SignIn.signIn(java.lang.String,java.lang.String,java.lang.String)]]>
              </value>
            </param>
          </params>
          <reporter-output>
          </reporter-output>
        </test-method> <!-- beforeMethod -->
        <test-method status="PASS" signature="beforeMethod(java.lang.reflect.Method)[pri:0, instance:testng.SignIn@17fa385b]" name="beforeMethod" is-config="true" duration-ms="19233" started-at="2015-09-18T16:33:13Z" finished-at="2015-09-18T16:33:33Z">
          <params>
            <param index="0">
              <value>
                <![CDATA[public void testng.SignIn.signIn(java.lang.String,java.lang.String,java.lang.String)]]>
              </value>
            </param>
          </params>
          <reporter-output>
          </reporter-output>
        </test-method> <!-- beforeMethod -->
        <test-method status="PASS" signature="beforeMethod(java.lang.reflect.Method)[pri:0, instance:testng.SignIn@17fa385b]" name="beforeMethod" is-config="true" duration-ms="5466" started-at="2015-09-18T16:33:13Z" finished-at="2015-09-18T16:33:19Z">
          <params>
            <param index="0">
              <value>
                <![CDATA[public void testng.SignIn.signIn(java.lang.String,java.lang.String,java.lang.String)]]>
              </value>
            </param>
          </params>
          <reporter-output>
          </reporter-output>
        </test-method> <!-- beforeMethod -->
        <test-method status="PASS" signature="signIn(java.lang.String, java.lang.String, java.lang.String)[pri:0, instance:testng.SignIn@695ff2e1]" name="signIn" duration-ms="17339" started-at="2015-09-18T16:33:18Z" data-provider="logInData" finished-at="2015-09-18T16:33:35Z">
          <params>
            <param index="0">
              <value>
                <![CDATA[avnerg@perfectomobile.com]]>
              </value>
            </param>
            <param index="1">
              <value>
                <![CDATA[a1001a]]>
              </value>
            </param>
            <param index="2">
              <value>
                <![CDATA[Hi, Avner!]]>
              </value>
            </param>
          </params>
          <reporter-output>
            <line>
              <![CDATA[Test passed: Test passed.]]>
            </line>
            <line>
              <![CDATA[Resource name: Chrome.]]>
            </line>
            <line>
              <![CDATA[Screenshot saved in file: C:\Users\AvnerG\workspace\my-tests\test-output\screenshots-tests\2015-09-18-16-33-34-735-IDT.png]]>
            </line>
            <line>
              <![CDATA[<br> <img src=C:\Users\AvnerG\workspace\my-tests\test-output\screenshots-tests\2015-09-18-16-33-34-735-IDT.png style="max-width:50%;max-height:50%" /> <br>]]>
            </line>
          </reporter-output>
        </test-method> <!-- signIn -->
        <test-method status="PASS" signature="signIn(java.lang.String, java.lang.String, java.lang.String)[pri:0, instance:testng.SignIn@3e3e4203]" name="signIn" duration-ms="28006" started-at="2015-09-18T16:33:19Z" data-provider="logInData" finished-at="2015-09-18T16:33:47Z">
          <params>
            <param index="0">
              <value>
                <![CDATA[avnerg@perfectomobile.com]]>
              </value>
            </param>
            <param index="1">
              <value>
                <![CDATA[a1001a]]>
              </value>
            </param>
            <param index="2">
              <value>
                <![CDATA[Hi, Avner!]]>
              </value>
            </param>
          </params>
          <reporter-output>
            <line>
              <![CDATA[Test passed: Test passed.]]>
            </line>
            <line>
              <![CDATA[Resource name: Firefox.]]>
            </line>
            <line>
              <![CDATA[Screenshot saved in file: C:\Users\AvnerG\workspace\my-tests\test-output\screenshots-tests\2015-09-18-16-33-46-508-IDT.png]]>
            </line>
            <line>
              <![CDATA[<br> <img src=C:\Users\AvnerG\workspace\my-tests\test-output\screenshots-tests\2015-09-18-16-33-46-508-IDT.png style="max-width:50%;max-height:50%" /> <br>]]>
            </line>
          </reporter-output>
        </test-method> <!-- signIn -->
        <test-method status="PASS" signature="signIn(java.lang.String, java.lang.String, java.lang.String)[pri:0, instance:testng.SignIn@164cfb1d]" name="signIn" duration-ms="55426" started-at="2015-09-18T16:33:33Z" data-provider="logInData" finished-at="2015-09-18T16:34:28Z">
          <params>
            <param index="0">
              <value>
                <![CDATA[avnerg@perfectomobile.com]]>
              </value>
            </param>
            <param index="1">
              <value>
                <![CDATA[a1001a]]>
              </value>
            </param>
            <param index="2">
              <value>
                <![CDATA[Hi, Avner!]]>
              </value>
            </param>
          </params>
          <reporter-output>
            <line>
              <![CDATA[Test passed: Test passed.]]>
            </line>
            <line>
              <![CDATA[Resource name: Galaxy S5 Brian.]]>
            </line>
            <line>
              <![CDATA[Screenshot saved in file: C:\Users\AvnerG\workspace\my-tests\test-output\screenshots-tests\2015-09-18-16-34-28-101-IDT.png]]>
            </line>
            <line>
              <![CDATA[<br> <img src=C:\Users\AvnerG\workspace\my-tests\test-output\screenshots-tests\2015-09-18-16-34-28-101-IDT.png style="max-width:50%;max-height:50%" /> <br>]]>
            </line>
          </reporter-output>
        </test-method> <!-- signIn -->
        <test-method status="PASS" signature="signIn(java.lang.String, java.lang.String, java.lang.String)[pri:0, instance:testng.SignIn@695ff2e1]" name="signIn" duration-ms="50344" started-at="2015-09-18T16:33:35Z" data-provider="logInData" finished-at="2015-09-18T16:34:25Z">
          <params>
            <param index="0">
              <value>
                <![CDATA[wrongEmail@gmail.com]]>
              </value>
            </param>
            <param index="1">
              <value>
                <![CDATA[xxxxxxx]]>
              </value>
            </param>
            <param index="2">
              <value>
                <![CDATA[]]>
              </value>
            </param>
          </params>
          <reporter-output>
            <line>
              <![CDATA[Test passed: Test passed.]]>
            </line>
            <line>
              <![CDATA[Resource name: Chrome.]]>
            </line>
            <line>
              <![CDATA[Screenshot saved in file: C:\Users\AvnerG\workspace\my-tests\test-output\screenshots-tests\2015-09-18-16-34-25-427-IDT.png]]>
            </line>
            <line>
              <![CDATA[<br> <img src=C:\Users\AvnerG\workspace\my-tests\test-output\screenshots-tests\2015-09-18-16-34-25-427-IDT.png style="max-width:50%;max-height:50%" /> <br>]]>
            </line>
          </reporter-output>
        </test-method> <!-- signIn -->
        <test-method status="PASS" signature="beforeMethod(java.lang.reflect.Method)[pri:0, instance:testng.SignIn@17fa385b]" name="beforeMethod" is-config="true" duration-ms="0" started-at="2015-09-18T16:33:35Z" finished-at="2015-09-18T16:33:35Z">
          <params>
            <param index="0">
              <value>
                <![CDATA[public void testng.SignIn.signIn(java.lang.String,java.lang.String,java.lang.String)]]>
              </value>
            </param>
          </params>
          <reporter-output>
          </reporter-output>
        </test-method> <!-- beforeMethod -->
        <test-method status="PASS" signature="signIn(java.lang.String, java.lang.String, java.lang.String)[pri:0, instance:testng.SignIn@1a42c7d3]" name="signIn" duration-ms="52593" started-at="2015-09-18T16:33:39Z" data-provider="logInData" finished-at="2015-09-18T16:34:32Z">
          <params>
            <param index="0">
              <value>
                <![CDATA[avnerg@perfectomobile.com]]>
              </value>
            </param>
            <param index="1">
              <value>
                <![CDATA[a1001a]]>
              </value>
            </param>
            <param index="2">
              <value>
                <![CDATA[Hi, Avner!]]>
              </value>
            </param>
          </params>
          <reporter-output>
            <line>
              <![CDATA[Test passed: Test passed.]]>
            </line>
            <line>
              <![CDATA[Resource name: iPhone-6 Avner.]]>
            </line>
            <line>
              <![CDATA[Screenshot saved in file: C:\Users\AvnerG\workspace\my-tests\test-output\screenshots-tests\2015-09-18-16-34-32-051-IDT.png]]>
            </line>
            <line>
              <![CDATA[<br> <img src=C:\Users\AvnerG\workspace\my-tests\test-output\screenshots-tests\2015-09-18-16-34-32-051-IDT.png style="max-width:50%;max-height:50%" /> <br>]]>
            </line>
          </reporter-output>
        </test-method> <!-- signIn -->
        <test-method status="PASS" signature="beforeMethod(java.lang.reflect.Method)[pri:0, instance:testng.SignIn@17fa385b]" name="beforeMethod" is-config="true" duration-ms="1" started-at="2015-09-18T16:33:47Z" finished-at="2015-09-18T16:33:47Z">
          <params>
            <param index="0">
              <value>
                <![CDATA[public void testng.SignIn.signIn(java.lang.String,java.lang.String,java.lang.String)]]>
              </value>
            </param>
          </params>
          <reporter-output>
          </reporter-output>
        </test-method> <!-- beforeMethod -->
        <test-method status="PASS" signature="signIn(java.lang.String, java.lang.String, java.lang.String)[pri:0, instance:testng.SignIn@3e3e4203]" name="signIn" duration-ms="62445" started-at="2015-09-18T16:33:47Z" data-provider="logInData" finished-at="2015-09-18T16:34:49Z">
          <params>
            <param index="0">
              <value>
                <![CDATA[wrongEmail@gmail.com]]>
              </value>
            </param>
            <param index="1">
              <value>
                <![CDATA[xxxxxxx]]>
              </value>
            </param>
            <param index="2">
              <value>
                <![CDATA[]]>
              </value>
            </param>
          </params>
          <reporter-output>
            <line>
              <![CDATA[Test passed: Test passed.]]>
            </line>
            <line>
              <![CDATA[Resource name: Firefox.]]>
            </line>
            <line>
              <![CDATA[Screenshot saved in file: C:\Users\AvnerG\workspace\my-tests\test-output\screenshots-tests\2015-09-18-16-34-49-465-IDT.png]]>
            </line>
            <line>
              <![CDATA[<br> <img src=C:\Users\AvnerG\workspace\my-tests\test-output\screenshots-tests\2015-09-18-16-34-49-465-IDT.png style="max-width:50%;max-height:50%" /> <br>]]>
            </line>
          </reporter-output>
        </test-method> <!-- signIn -->
        <test-method status="PASS" signature="signIn(java.lang.String, java.lang.String, java.lang.String)[pri:0, instance:testng.SignIn@17fa385b]" name="signIn" duration-ms="57379" started-at="2015-09-18T16:33:50Z" data-provider="logInData" finished-at="2015-09-18T16:34:48Z">
          <params>
            <param index="0">
              <value>
                <![CDATA[avnerg@perfectomobile.com]]>
              </value>
            </param>
            <param index="1">
              <value>
                <![CDATA[a1001a]]>
              </value>
            </param>
            <param index="2">
              <value>
                <![CDATA[Hi, Avner!]]>
              </value>
            </param>
          </params>
          <reporter-output>
            <line>
              <![CDATA[Test passed: Test passed.]]>
            </line>
            <line>
              <![CDATA[Resource name: iPad Air 2 Shared.]]>
            </line>
            <line>
              <![CDATA[Screenshot saved in file: C:\Users\AvnerG\workspace\my-tests\test-output\screenshots-tests\2015-09-18-16-34-47-978-IDT.png]]>
            </line>
            <line>
              <![CDATA[<br> <img src=C:\Users\AvnerG\workspace\my-tests\test-output\screenshots-tests\2015-09-18-16-34-47-978-IDT.png style="max-width:50%;max-height:50%" /> <br>]]>
            </line>
          </reporter-output>
        </test-method> <!-- signIn -->
        <test-method status="PASS" signature="beforeMethod(java.lang.reflect.Method)[pri:0, instance:testng.SignIn@17fa385b]" name="beforeMethod" is-config="true" duration-ms="0" started-at="2015-09-18T16:34:25Z" finished-at="2015-09-18T16:34:25Z">
          <params>
            <param index="0">
              <value>
                <![CDATA[public void testng.SignIn.signIn(java.lang.String,java.lang.String,java.lang.String)]]>
              </value>
            </param>
          </params>
          <reporter-output>
          </reporter-output>
        </test-method> <!-- beforeMethod -->
        <test-method status="FAIL" signature="signIn(java.lang.String, java.lang.String, java.lang.String)[pri:0, instance:testng.SignIn@695ff2e1]" name="signIn" duration-ms="47141" started-at="2015-09-18T16:34:25Z" data-provider="logInData" finished-at="2015-09-18T16:35:12Z">
          <params>
            <param index="0">
              <value>
                <![CDATA[wrongEmail@gmail.com]]>
              </value>
            </param>
            <param index="1">
              <value>
                <![CDATA[xxxxxxx]]>
              </value>
            </param>
            <param index="2">
              <value>
                <![CDATA[Hi Someone!]]>
              </value>
            </param>
          </params>
          <exception class="java.lang.AssertionError">
            <message>
              <![CDATA[null]]>
            </message>
            <full-stacktrace>
              <![CDATA[java.lang.AssertionError: null
	at org.testng.Assert.fail(Assert.java:94)
	at org.testng.Assert.fail(Assert.java:101)
	at com.perfectomobile.test.BasicTest.reportFail(BasicTest.java:295)
	at testng.SignIn.signIn(SignIn.java:39)
	at sun.reflect.NativeMethodAccessorImpl.invoke0(Native Method)
	at sun.reflect.NativeMethodAccessorImpl.invoke(NativeMethodAccessorImpl.java:57)
	at sun.reflect.DelegatingMethodAccessorImpl.invoke(DelegatingMethodAccessorImpl.java:43)
	at java.lang.reflect.Method.invoke(Method.java:606)
	at org.testng.internal.MethodInvocationHelper.invokeMethod(MethodInvocationHelper.java:84)
	at org.testng.internal.Invoker.invokeMethod(Invoker.java:714)
	at org.testng.internal.Invoker.invokeTestMethod(Invoker.java:901)
	at org.testng.internal.Invoker.invokeTestMethods(Invoker.java:1231)
	at org.testng.internal.TestMethodWorker.invokeTestMethods(TestMethodWorker.java:127)
	at org.testng.internal.TestMethodWorker.run(TestMethodWorker.java:111)
	at java.util.concurrent.ThreadPoolExecutor.runWorker(ThreadPoolExecutor.java:1145)
	at java.util.concurrent.ThreadPoolExecutor$Worker.run(ThreadPoolExecutor.java:615)
	at java.lang.Thread.run(Thread.java:745)
]]>
            </full-stacktrace>
          </exception> <!-- java.lang.AssertionError -->
          <reporter-output>
            <line>
              <![CDATA[Value is: , Should be: Hi Someone!.]]>
            </line>
            <line>
              <![CDATA[Resource name: Chrome.]]>
            </line>
            <line>
              <![CDATA[Error screenshot saved in file: C:\Users\AvnerG\workspace\my-tests\test-output\screenshots-tests\2015-09-18-16-35-12-604-IDT.png]]>
            </line>
            <line>
              <![CDATA[<br> <img src=C:\Users\AvnerG\workspace\my-tests\test-output\screenshots-tests\2015-09-18-16-35-12-604-IDT.png style="max-width:50%;max-height:50%" /> <br>]]>
            </line>
          </reporter-output>
        </test-method> <!-- signIn -->
        <test-method status="PASS" signature="beforeMethod(java.lang.reflect.Method)[pri:0, instance:testng.SignIn@17fa385b]" name="beforeMethod" is-config="true" duration-ms="1" started-at="2015-09-18T16:34:28Z" finished-at="2015-09-18T16:34:28Z">
          <params>
            <param index="0">
              <value>
                <![CDATA[public void testng.SignIn.signIn(java.lang.String,java.lang.String,java.lang.String)]]>
              </value>
            </param>
          </params>
          <reporter-output>
          </reporter-output>
        </test-method> <!-- beforeMethod -->
        <test-method status="PASS" signature="signIn(java.lang.String, java.lang.String, java.lang.String)[pri:0, instance:testng.SignIn@164cfb1d]" name="signIn" duration-ms="101153" started-at="2015-09-18T16:34:28Z" data-provider="logInData" finished-at="2015-09-18T16:36:09Z">
          <params>
            <param index="0">
              <value>
                <![CDATA[wrongEmail@gmail.com]]>
              </value>
            </param>
            <param index="1">
              <value>
                <![CDATA[xxxxxxx]]>
              </value>
            </param>
            <param index="2">
              <value>
                <![CDATA[]]>
              </value>
            </param>
          </params>
          <reporter-output>
            <line>
              <![CDATA[Test passed: Test passed.]]>
            </line>
            <line>
              <![CDATA[Resource name: Galaxy S5 Brian.]]>
            </line>
            <line>
              <![CDATA[Screenshot saved in file: C:\Users\AvnerG\workspace\my-tests\test-output\screenshots-tests\2015-09-18-16-36-09-304-IDT.png]]>
            </line>
            <line>
              <![CDATA[<br> <img src=C:\Users\AvnerG\workspace\my-tests\test-output\screenshots-tests\2015-09-18-16-36-09-304-IDT.png style="max-width:50%;max-height:50%" /> <br>]]>
            </line>
          </reporter-output>
        </test-method> <!-- signIn -->
        <test-method status="PASS" signature="beforeMethod(java.lang.reflect.Method)[pri:0, instance:testng.SignIn@17fa385b]" name="beforeMethod" is-config="true" duration-ms="0" started-at="2015-09-18T16:34:32Z" finished-at="2015-09-18T16:34:32Z">
          <params>
            <param index="0">
              <value>
                <![CDATA[public void testng.SignIn.signIn(java.lang.String,java.lang.String,java.lang.String)]]>
              </value>
            </param>
          </params>
          <reporter-output>
          </reporter-output>
        </test-method> <!-- beforeMethod -->
        <test-method status="PASS" signature="signIn(java.lang.String, java.lang.String, java.lang.String)[pri:0, instance:testng.SignIn@1a42c7d3]" name="signIn" duration-ms="88100" started-at="2015-09-18T16:34:32Z" data-provider="logInData" finished-at="2015-09-18T16:36:00Z">
          <params>
            <param index="0">
              <value>
                <![CDATA[wrongEmail@gmail.com]]>
              </value>
            </param>
            <param index="1">
              <value>
                <![CDATA[xxxxxxx]]>
              </value>
            </param>
            <param index="2">
              <value>
                <![CDATA[]]>
              </value>
            </param>
          </params>
          <reporter-output>
            <line>
              <![CDATA[Test passed: Test passed.]]>
            </line>
            <line>
              <![CDATA[Resource name: iPhone-6 Avner.]]>
            </line>
            <line>
              <![CDATA[Screenshot saved in file: C:\Users\AvnerG\workspace\my-tests\test-output\screenshots-tests\2015-09-18-16-36-00-252-IDT.png]]>
            </line>
            <line>
              <![CDATA[<br> <img src=C:\Users\AvnerG\workspace\my-tests\test-output\screenshots-tests\2015-09-18-16-36-00-252-IDT.png style="max-width:50%;max-height:50%" /> <br>]]>
            </line>
          </reporter-output>
        </test-method> <!-- signIn -->
        <test-method status="PASS" signature="beforeMethod(java.lang.reflect.Method)[pri:0, instance:testng.SignIn@17fa385b]" name="beforeMethod" is-config="true" duration-ms="0" started-at="2015-09-18T16:34:48Z" finished-at="2015-09-18T16:34:48Z">
          <params>
            <param index="0">
              <value>
                <![CDATA[public void testng.SignIn.signIn(java.lang.String,java.lang.String,java.lang.String)]]>
              </value>
            </param>
          </params>
          <reporter-output>
          </reporter-output>
        </test-method> <!-- beforeMethod -->
        <test-method status="PASS" signature="signIn(java.lang.String, java.lang.String, java.lang.String)[pri:0, instance:testng.SignIn@17fa385b]" name="signIn" duration-ms="94299" started-at="2015-09-18T16:34:48Z" data-provider="logInData" finished-at="2015-09-18T16:36:22Z">
          <params>
            <param index="0">
              <value>
                <![CDATA[wrongEmail@gmail.com]]>
              </value>
            </param>
            <param index="1">
              <value>
                <![CDATA[xxxxxxx]]>
              </value>
            </param>
            <param index="2">
              <value>
                <![CDATA[]]>
              </value>
            </param>
          </params>
          <reporter-output>
            <line>
              <![CDATA[Test passed: Test passed.]]>
            </line>
            <line>
              <![CDATA[Resource name: iPad Air 2 Shared.]]>
            </line>
            <line>
              <![CDATA[Screenshot saved in file: C:\Users\AvnerG\workspace\my-tests\test-output\screenshots-tests\2015-09-18-16-36-22-358-IDT.png]]>
            </line>
            <line>
              <![CDATA[<br> <img src=C:\Users\AvnerG\workspace\my-tests\test-output\screenshots-tests\2015-09-18-16-36-22-358-IDT.png style="max-width:50%;max-height:50%" /> <br>]]>
            </line>
          </reporter-output>
        </test-method> <!-- signIn -->
        <test-method status="PASS" signature="beforeMethod(java.lang.reflect.Method)[pri:0, instance:testng.SignIn@17fa385b]" name="beforeMethod" is-config="true" duration-ms="0" started-at="2015-09-18T16:34:49Z" finished-at="2015-09-18T16:34:49Z">
          <params>
            <param index="0">
              <value>
                <![CDATA[public void testng.SignIn.signIn(java.lang.String,java.lang.String,java.lang.String)]]>
              </value>
            </param>
          </params>
          <reporter-output>
          </reporter-output>
        </test-method> <!-- beforeMethod -->
        <test-method status="FAIL" signature="signIn(java.lang.String, java.lang.String, java.lang.String)[pri:0, instance:testng.SignIn@3e3e4203]" name="signIn" duration-ms="58613" started-at="2015-09-18T16:34:49Z" data-provider="logInData" finished-at="2015-09-18T16:35:48Z">
          <params>
            <param index="0">
              <value>
                <![CDATA[wrongEmail@gmail.com]]>
              </value>
            </param>
            <param index="1">
              <value>
                <![CDATA[xxxxxxx]]>
              </value>
            </param>
            <param index="2">
              <value>
                <![CDATA[Hi Someone!]]>
              </value>
            </param>
          </params>
          <exception class="java.lang.AssertionError">
            <message>
              <![CDATA[null]]>
            </message>
            <full-stacktrace>
              <![CDATA[java.lang.AssertionError: null
	at org.testng.Assert.fail(Assert.java:94)
	at org.testng.Assert.fail(Assert.java:101)
	at com.perfectomobile.test.BasicTest.reportFail(BasicTest.java:295)
	at testng.SignIn.signIn(SignIn.java:39)
	at sun.reflect.NativeMethodAccessorImpl.invoke0(Native Method)
	at sun.reflect.NativeMethodAccessorImpl.invoke(NativeMethodAccessorImpl.java:57)
	at sun.reflect.DelegatingMethodAccessorImpl.invoke(DelegatingMethodAccessorImpl.java:43)
	at java.lang.reflect.Method.invoke(Method.java:606)
	at org.testng.internal.MethodInvocationHelper.invokeMethod(MethodInvocationHelper.java:84)
	at org.testng.internal.Invoker.invokeMethod(Invoker.java:714)
	at org.testng.internal.Invoker.invokeTestMethod(Invoker.java:901)
	at org.testng.internal.Invoker.invokeTestMethods(Invoker.java:1231)
	at org.testng.internal.TestMethodWorker.invokeTestMethods(TestMethodWorker.java:127)
	at org.testng.internal.TestMethodWorker.run(TestMethodWorker.java:111)
	at java.util.concurrent.ThreadPoolExecutor.runWorker(ThreadPoolExecutor.java:1145)
	at java.util.concurrent.ThreadPoolExecutor$Worker.run(ThreadPoolExecutor.java:615)
	at java.lang.Thread.run(Thread.java:745)
]]>
            </full-stacktrace>
          </exception> <!-- java.lang.AssertionError -->
          <reporter-output>
            <line>
              <![CDATA[Value is: , Should be: Hi Someone!.]]>
            </line>
            <line>
              <![CDATA[Resource name: Firefox.]]>
            </line>
            <line>
              <![CDATA[Error screenshot saved in file: C:\Users\AvnerG\workspace\my-tests\test-output\screenshots-tests\2015-09-18-16-35-48-155-IDT.png]]>
            </line>
            <line>
              <![CDATA[<br> <img src=C:\Users\AvnerG\workspace\my-tests\test-output\screenshots-tests\2015-09-18-16-35-48-155-IDT.png style="max-width:50%;max-height:50%" /> <br>]]>
            </line>
          </reporter-output>
        </test-method> <!-- signIn -->
        <test-method status="PASS" signature="afterClass()[pri:0, instance:testng.SignIn@17fa385b]" name="afterClass" is-config="true" duration-ms="3551" started-at="2015-09-18T16:35:12Z" finished-at="2015-09-18T16:35:16Z">
          <reporter-output>
          </reporter-output>
        </test-method> <!-- afterClass -->
        <test-method status="PASS" signature="afterClass()[pri:0, instance:testng.SignIn@17fa385b]" name="afterClass" is-config="true" duration-ms="453" started-at="2015-09-18T16:35:48Z" finished-at="2015-09-18T16:35:48Z">
          <reporter-output>
          </reporter-output>
        </test-method> <!-- afterClass -->
        <test-method status="PASS" signature="beforeMethod(java.lang.reflect.Method)[pri:0, instance:testng.SignIn@17fa385b]" name="beforeMethod" is-config="true" duration-ms="0" started-at="2015-09-18T16:36:00Z" finished-at="2015-09-18T16:36:00Z">
          <params>
            <param index="0">
              <value>
                <![CDATA[public void testng.SignIn.signIn(java.lang.String,java.lang.String,java.lang.String)]]>
              </value>
            </param>
          </params>
          <reporter-output>
          </reporter-output>
        </test-method> <!-- beforeMethod -->
        <test-method status="FAIL" signature="signIn(java.lang.String, java.lang.String, java.lang.String)[pri:0, instance:testng.SignIn@1a42c7d3]" name="signIn" duration-ms="85353" started-at="2015-09-18T16:36:00Z" data-provider="logInData" finished-at="2015-09-18T16:37:25Z">
          <params>
            <param index="0">
              <value>
                <![CDATA[wrongEmail@gmail.com]]>
              </value>
            </param>
            <param index="1">
              <value>
                <![CDATA[xxxxxxx]]>
              </value>
            </param>
            <param index="2">
              <value>
                <![CDATA[Hi Someone!]]>
              </value>
            </param>
          </params>
          <exception class="java.lang.AssertionError">
            <message>
              <![CDATA[null]]>
            </message>
            <full-stacktrace>
              <![CDATA[java.lang.AssertionError: null
	at org.testng.Assert.fail(Assert.java:94)
	at org.testng.Assert.fail(Assert.java:101)
	at com.perfectomobile.test.BasicTest.reportFail(BasicTest.java:295)
	at testng.SignIn.signIn(SignIn.java:39)
	at sun.reflect.NativeMethodAccessorImpl.invoke0(Native Method)
	at sun.reflect.NativeMethodAccessorImpl.invoke(NativeMethodAccessorImpl.java:57)
	at sun.reflect.DelegatingMethodAccessorImpl.invoke(DelegatingMethodAccessorImpl.java:43)
	at java.lang.reflect.Method.invoke(Method.java:606)
	at org.testng.internal.MethodInvocationHelper.invokeMethod(MethodInvocationHelper.java:84)
	at org.testng.internal.Invoker.invokeMethod(Invoker.java:714)
	at org.testng.internal.Invoker.invokeTestMethod(Invoker.java:901)
	at org.testng.internal.Invoker.invokeTestMethods(Invoker.java:1231)
	at org.testng.internal.TestMethodWorker.invokeTestMethods(TestMethodWorker.java:127)
	at org.testng.internal.TestMethodWorker.run(TestMethodWorker.java:111)
	at java.util.concurrent.ThreadPoolExecutor.runWorker(ThreadPoolExecutor.java:1145)
	at java.util.concurrent.ThreadPoolExecutor$Worker.run(ThreadPoolExecutor.java:615)
	at java.lang.Thread.run(Thread.java:745)
]]>
            </full-stacktrace>
          </exception> <!-- java.lang.AssertionError -->
          <reporter-output>
            <line>
              <![CDATA[Value is: , Should be: Hi Someone!.]]>
            </line>
            <line>
              <![CDATA[Resource name: iPhone-6 Avner.]]>
            </line>
            <line>
              <![CDATA[Error screenshot saved in file: C:\Users\AvnerG\workspace\my-tests\test-output\screenshots-tests\2015-09-18-16-37-25-653-IDT.png]]>
            </line>
            <line>
              <![CDATA[<br> <img src=C:\Users\AvnerG\workspace\my-tests\test-output\screenshots-tests\2015-09-18-16-37-25-653-IDT.png style="max-width:50%;max-height:50%" /> <br>]]>
            </line>
          </reporter-output>
        </test-method> <!-- signIn -->
        <test-method status="PASS" signature="beforeMethod(java.lang.reflect.Method)[pri:0, instance:testng.SignIn@17fa385b]" name="beforeMethod" is-config="true" duration-ms="0" started-at="2015-09-18T16:36:09Z" finished-at="2015-09-18T16:36:09Z">
          <params>
            <param index="0">
              <value>
                <![CDATA[public void testng.SignIn.signIn(java.lang.String,java.lang.String,java.lang.String)]]>
              </value>
            </param>
          </params>
          <reporter-output>
          </reporter-output>
        </test-method> <!-- beforeMethod -->
        <test-method status="FAIL" signature="signIn(java.lang.String, java.lang.String, java.lang.String)[pri:0, instance:testng.SignIn@164cfb1d]" name="signIn" duration-ms="92699" started-at="2015-09-18T16:36:09Z" data-provider="logInData" finished-at="2015-09-18T16:37:42Z">
          <params>
            <param index="0">
              <value>
                <![CDATA[wrongEmail@gmail.com]]>
              </value>
            </param>
            <param index="1">
              <value>
                <![CDATA[xxxxxxx]]>
              </value>
            </param>
            <param index="2">
              <value>
                <![CDATA[Hi Someone!]]>
              </value>
            </param>
          </params>
          <exception class="java.lang.AssertionError">
            <message>
              <![CDATA[null]]>
            </message>
            <full-stacktrace>
              <![CDATA[java.lang.AssertionError: null
	at org.testng.Assert.fail(Assert.java:94)
	at org.testng.Assert.fail(Assert.java:101)
	at com.perfectomobile.test.BasicTest.reportFail(BasicTest.java:295)
	at testng.SignIn.signIn(SignIn.java:39)
	at sun.reflect.NativeMethodAccessorImpl.invoke0(Native Method)
	at sun.reflect.NativeMethodAccessorImpl.invoke(NativeMethodAccessorImpl.java:57)
	at sun.reflect.DelegatingMethodAccessorImpl.invoke(DelegatingMethodAccessorImpl.java:43)
	at java.lang.reflect.Method.invoke(Method.java:606)
	at org.testng.internal.MethodInvocationHelper.invokeMethod(MethodInvocationHelper.java:84)
	at org.testng.internal.Invoker.invokeMethod(Invoker.java:714)
	at org.testng.internal.Invoker.invokeTestMethod(Invoker.java:901)
	at org.testng.internal.Invoker.invokeTestMethods(Invoker.java:1231)
	at org.testng.internal.TestMethodWorker.invokeTestMethods(TestMethodWorker.java:127)
	at org.testng.internal.TestMethodWorker.run(TestMethodWorker.java:111)
	at java.util.concurrent.ThreadPoolExecutor.runWorker(ThreadPoolExecutor.java:1145)
	at java.util.concurrent.ThreadPoolExecutor$Worker.run(ThreadPoolExecutor.java:615)
	at java.lang.Thread.run(Thread.java:745)
]]>
            </full-stacktrace>
          </exception> <!-- java.lang.AssertionError -->
          <reporter-output>
            <line>
              <![CDATA[Value is: , Should be: Hi Someone!.]]>
            </line>
            <line>
              <![CDATA[Resource name: Galaxy S5 Brian.]]>
            </line>
            <line>
              <![CDATA[Error screenshot saved in file: C:\Users\AvnerG\workspace\my-tests\test-output\screenshots-tests\2015-09-18-16-37-42-113-IDT.png]]>
            </line>
            <line>
              <![CDATA[<br> <img src=C:\Users\AvnerG\workspace\my-tests\test-output\screenshots-tests\2015-09-18-16-37-42-113-IDT.png style="max-width:50%;max-height:50%" /> <br>]]>
            </line>
          </reporter-output>
        </test-method> <!-- signIn -->
        <test-method status="FAIL" signature="signIn(java.lang.String, java.lang.String, java.lang.String)[pri:0, instance:testng.SignIn@17fa385b]" name="signIn" duration-ms="89902" started-at="2015-09-18T16:36:22Z" data-provider="logInData" finished-at="2015-09-18T16:37:52Z">
          <params>
            <param index="0">
              <value>
                <![CDATA[wrongEmail@gmail.com]]>
              </value>
            </param>
            <param index="1">
              <value>
                <![CDATA[xxxxxxx]]>
              </value>
            </param>
            <param index="2">
              <value>
                <![CDATA[Hi Someone!]]>
              </value>
            </param>
          </params>
          <exception class="java.lang.AssertionError">
            <message>
              <![CDATA[null]]>
            </message>
            <full-stacktrace>
              <![CDATA[java.lang.AssertionError: null
	at org.testng.Assert.fail(Assert.java:94)
	at org.testng.Assert.fail(Assert.java:101)
	at com.perfectomobile.test.BasicTest.reportFail(BasicTest.java:295)
	at testng.SignIn.signIn(SignIn.java:39)
	at sun.reflect.NativeMethodAccessorImpl.invoke0(Native Method)
	at sun.reflect.NativeMethodAccessorImpl.invoke(NativeMethodAccessorImpl.java:57)
	at sun.reflect.DelegatingMethodAccessorImpl.invoke(DelegatingMethodAccessorImpl.java:43)
	at java.lang.reflect.Method.invoke(Method.java:606)
	at org.testng.internal.MethodInvocationHelper.invokeMethod(MethodInvocationHelper.java:84)
	at org.testng.internal.Invoker.invokeMethod(Invoker.java:714)
	at org.testng.internal.Invoker.invokeTestMethod(Invoker.java:901)
	at org.testng.internal.Invoker.invokeTestMethods(Invoker.java:1231)
	at org.testng.internal.TestMethodWorker.invokeTestMethods(TestMethodWorker.java:127)
	at org.testng.internal.TestMethodWorker.run(TestMethodWorker.java:111)
	at java.util.concurrent.ThreadPoolExecutor.runWorker(ThreadPoolExecutor.java:1145)
	at java.util.concurrent.ThreadPoolExecutor$Worker.run(ThreadPoolExecutor.java:615)
	at java.lang.Thread.run(Thread.java:745)
]]>
            </full-stacktrace>
          </exception> <!-- java.lang.AssertionError -->
          <reporter-output>
            <line>
              <![CDATA[Value is: , Should be: Hi Someone!.]]>
            </line>
            <line>
              <![CDATA[Resource name: iPad Air 2 Shared.]]>
            </line>
            <line>
              <![CDATA[Error screenshot saved in file: C:\Users\AvnerG\workspace\my-tests\test-output\screenshots-tests\2015-09-18-16-37-52-056-IDT.png]]>
            </line>
            <line>
              <![CDATA[<br> <img src=C:\Users\AvnerG\workspace\my-tests\test-output\screenshots-tests\2015-09-18-16-37-52-056-IDT.png style="max-width:50%;max-height:50%" /> <br>]]>
            </line>
          </reporter-output>
        </test-method> <!-- signIn -->
        <test-method status="PASS" signature="beforeMethod(java.lang.reflect.Method)[pri:0, instance:testng.SignIn@17fa385b]" name="beforeMethod" is-config="true" duration-ms="0" started-at="2015-09-18T16:36:22Z" finished-at="2015-09-18T16:36:22Z">
          <params>
            <param index="0">
              <value>
                <![CDATA[public void testng.SignIn.signIn(java.lang.String,java.lang.String,java.lang.String)]]>
              </value>
            </param>
          </params>
          <reporter-output>
          </reporter-output>
        </test-method> <!-- beforeMethod -->
        <test-method status="PASS" signature="afterClass()[pri:0, instance:testng.SignIn@17fa385b]" name="afterClass" is-config="true" duration-ms="9129" started-at="2015-09-18T16:37:25Z" finished-at="2015-09-18T16:37:35Z">
          <reporter-output>
          </reporter-output>
        </test-method> <!-- afterClass -->
        <test-method status="PASS" signature="afterClass()[pri:0, instance:testng.SignIn@17fa385b]" name="afterClass" is-config="true" duration-ms="11505" started-at="2015-09-18T16:37:42Z" finished-at="2015-09-18T16:37:53Z">
          <reporter-output>
          </reporter-output>
        </test-method> <!-- afterClass -->
        <test-method status="PASS" signature="afterClass()[pri:0, instance:testng.SignIn@17fa385b]" name="afterClass" is-config="true" duration-ms="10035" started-at="2015-09-18T16:37:52Z" finished-at="2015-09-18T16:38:02Z">
          <reporter-output>
          </reporter-output>
        </test-method> <!-- afterClass -->
      </class> <!-- testng.SignIn -->
    </test> <!-- Test -->
  </suite> <!-- Suite -->
</testng-results>
