<?xml version="1.0" encoding="UTF-8"?>
<!-- Generated by org.testng.reporters.JUnitXMLReporter -->
<testsuite hostname="AdminITs-MacBook-Pro-2.local" name="Test" tests="30" failures="1" timestamp="5 Nov 2015 13:44:56 GMT" time="235.951" errors="0">
  <testcase name="signIn" time="11.482" classname="testng.SignIn">
    <failure type="java.lang.AssertionError" message="null">
      <![CDATA[java.lang.AssertionError: null
	at com.perfectomobile.test.BasicTest.reportFail(BasicTest.java:297)
	at testng.SignIn.signIn(SignIn.java:41)
	at java.util.concurrent.ThreadPoolExecutor.runWorker(ThreadPoolExecutor.java:1142)
	at java.util.concurrent.ThreadPoolExecutor$Worker.run(ThreadPoolExecutor.java:617)
	at java.lang.Thread.run(Thread.java:745)
... Removed 12 stack frames]]>
    </failure>
  </testcase> <!-- signIn -->
  <testcase name="signIn" time="20.91" classname="testng.SignIn"/>
  <testcase name="signIn" time="26.888" classname="testng.SignIn"/>
  <testcase name="signIn" time="21.224" classname="testng.SignIn"/>
  <testcase name="signIn" time="35.108" classname="testng.SignIn"/>
  <testcase name="signIn" time="46.66" classname="testng.SignIn"/>
  <testcase name="signIn" time="57.781" classname="testng.SignIn"/>
  <testcase name="signIn" time="63.408" classname="testng.SignIn"/>
  <testcase name="signIn" time="68.123" classname="testng.SignIn"/>
  <testcase name="findPost" time="29.054" classname="testng.FindPost"/>
  <testcase name="findPost" time="27.07" classname="testng.FindPost"/>
  <testcase name="signIn" time="69.869" classname="testng.SignIn"/>
  <testcase name="findPost" time="16.785" classname="testng.FindPost"/>
  <testcase name="findPost" time="24.729" classname="testng.FindPost"/>
  <testcase name="findPost" time="12.624" classname="testng.FindPost"/>
  <testcase name="findPost" time="34.018" classname="testng.FindPost"/>
  <testcase name="findPost" time="12.23" classname="testng.FindPost"/>
  <testcase name="findPost" time="7.227" classname="testng.FindPost"/>
  <testcase name="findPost" time="24.065" classname="testng.FindPost"/>
  <testcase name="findPost" time="7.445" classname="testng.FindPost"/>
  <testcase name="findPost" time="13.758" classname="testng.FindPost"/>
  <testcase name="findPost" time="7.001" classname="testng.FindPost"/>
  <testcase name="findPost" time="23.686" classname="testng.FindPost"/>
  <testcase name="findPost" time="13.343" classname="testng.FindPost"/>
  <testcase name="findPost" time="25.192" classname="testng.FindPost"/>
  <testcase name="findPost" time="35.351" classname="testng.FindPost"/>
  <testcase name="findPost" time="25.083" classname="testng.FindPost"/>
  <testcase name="findPost" time="21.958" classname="testng.FindPost"/>
  <testcase name="findPost" time="31.723" classname="testng.FindPost"/>
  <testcase name="findPost" time="23.293" classname="testng.FindPost"/>
</testsuite> <!-- Test -->
