<?xml version="1.0" encoding="UTF-8"?>
<!-- Generated by org.testng.reporters.JUnitXMLReporter -->
<testsuite hostname="AdminITs-MacBook-Pro-2.local" name="Test" tests="30" failures="2" timestamp="5 Nov 2015 15:41:58 GMT" time="341.115" errors="0">
  <testcase name="signIn" time="11.669" classname="testng.SignIn">
    <failure type="java.lang.AssertionError" message="null">
      <![CDATA[java.lang.AssertionError: null
	at com.perfectomobile.test.BasicTest.reportFail(BasicTest.java:297)
	at testng.SignIn.signIn(SignIn.java:41)
	at java.util.concurrent.ThreadPoolExecutor.runWorker(ThreadPoolExecutor.java:1142)
	at java.util.concurrent.ThreadPoolExecutor$Worker.run(ThreadPoolExecutor.java:617)
	at java.lang.Thread.run(Thread.java:745)
... Removed 12 stack frames]]>
    </failure>
  </testcase> <!-- signIn -->
  <testcase name="signIn" time="19.438" classname="testng.SignIn"/>
  <testcase name="signIn" time="26.193" classname="testng.SignIn"/>
  <testcase name="signIn" time="22.772" classname="testng.SignIn"/>
  <testcase name="signIn" time="28.934" classname="testng.SignIn"/>
  <testcase name="signIn" time="47.032" classname="testng.SignIn"/>
  <testcase name="signIn" time="58.934" classname="testng.SignIn"/>
  <testcase name="signIn" time="60.762" classname="testng.SignIn"/>
  <testcase name="signIn" time="62.481" classname="testng.SignIn"/>
  <testcase name="signIn" time="67.805" classname="testng.SignIn"/>
  <testcase name="findPost" time="31.741" classname="testng.FindPost"/>
  <testcase name="findPost" time="14.788" classname="testng.FindPost"/>
  <testcase name="findPost" time="11.558" classname="testng.FindPost"/>
  <testcase name="findPost" time="52.518" classname="testng.FindPost"/>
  <testcase name="findPost" time="11.787" classname="testng.FindPost"/>
  <testcase name="findPost" time="7.289" classname="testng.FindPost"/>
  <testcase name="findPost" time="22.3" classname="testng.FindPost"/>
  <testcase name="findPost" time="7.274" classname="testng.FindPost"/>
  <testcase name="findPost" time="14.77" classname="testng.FindPost"/>
  <testcase name="findPost" time="41.985" classname="testng.FindPost"/>
  <testcase name="findPost" time="7.21" classname="testng.FindPost"/>
  <testcase name="findPost" time="23.647" classname="testng.FindPost">
    <failure type="java.lang.AssertionError" message="null">
      <![CDATA[java.lang.AssertionError: null
	at com.perfectomobile.test.BasicTest.reportFail(BasicTest.java:297)
	at testng.FindPost.findPost(FindPost.java:41)
	at java.util.concurrent.ThreadPoolExecutor.runWorker(ThreadPoolExecutor.java:1142)
	at java.util.concurrent.ThreadPoolExecutor$Worker.run(ThreadPoolExecutor.java:617)
	at java.lang.Thread.run(Thread.java:745)
... Removed 12 stack frames]]>
    </failure>
  </testcase> <!-- findPost -->
  <testcase name="findPost" time="19.586" classname="testng.FindPost"/>
  <testcase name="findPost" time="13.012" classname="testng.FindPost"/>
  <testcase name="findPost" time="21.243" classname="testng.FindPost"/>
  <testcase name="findPost" time="22.121" classname="testng.FindPost"/>
  <testcase name="findPost" time="35.672" classname="testng.FindPost"/>
  <testcase name="findPost" time="21.696" classname="testng.FindPost"/>
  <testcase name="findPost" time="22.394" classname="testng.FindPost"/>
  <testcase name="findPost" time="39.208" classname="testng.FindPost"/>
</testsuite> <!-- Test -->
