<?xml version="1.0" encoding="UTF-8"?>
<!-- Generated by org.testng.reporters.JUnitXMLReporter -->
<testsuite hostname="AdminITs-MacBook-Pro-2.local" name="Default test" tests="8" failures="0" timestamp="5 Nov 2015 09:39:28 GMT" time="387.641" errors="0">
  <testcase name="findPost" time="12.314" classname="testng.FindPost"/>
  <testcase name="findPost" time="11.326" classname="testng.FindPost"/>
  <testcase name="findPost" time="12.866" classname="testng.FindPost"/>
  <testcase name="findPost" time="13.269" classname="testng.FindPost"/>
  <testcase name="findPost" time="0.001" classname="testng.FindPost"/>
  <testcase name="findPost" time="0.002" classname="testng.FindPost"/>
  <testcase name="findPost" time="0.0" classname="testng.FindPost"/>
  <testcase name="findPost" time="0.001" classname="testng.FindPost"/>
</testsuite> <!-- Default test -->
