<html>
<head>
<title>TestNG:  Default test</title>
<link href="../testng.css" rel="stylesheet" type="text/css" />
<link href="../my-testng.css" rel="stylesheet" type="text/css" />

<style type="text/css">
.log { display: none;} 
.stack-trace { display: none;} 
</style>
<script type="text/javascript">
<!--
function flip(e) {
  current = e.style.display;
  if (current == 'block') {
    e.style.display = 'none';
    return 0;
  }
  else {
    e.style.display = 'block';
    return 1;
  }
}

function toggleBox(szDivId, elem, msg1, msg2)
{
  var res = -1;  if (document.getElementById) {
    res = flip(document.getElementById(szDivId));
  }
  else if (document.all) {
    // this is the way old msie versions work
    res = flip(document.all[szDivId]);
  }
  if(elem) {
    if(res == 0) elem.innerHTML = msg1; else elem.innerHTML = msg2;
  }

}

function toggleAllBoxes() {
  if (document.getElementsByTagName) {
    d = document.getElementsByTagName('div');
    for (i = 0; i < d.length; i++) {
      if (d[i].className == 'log') {
        flip(d[i]);
      }
    }
  }
}

// -->
</script>

</head>
<body>
<h2 align='center'>Default test</h2><table border='1' align="center">
<tr>
<td>Tests passed/Failed/Skipped:</td><td>3/1/16</td>
</tr><tr>
<td>Started on:</td><td>Wed Sep 09 23:28:29 IDT 2015</td>
</tr>
<tr><td>Total time:</td><td>5116 seconds (5116699 ms)</td>
</tr><tr>
<td>Included groups:</td><td></td>
</tr><tr>
<td>Excluded groups:</td><td></td>
</tr>
</table><p/>
<small><i>(Hover the method name to see the test class name)</i></small><p/>
<table width='100%' border='1' class='invocation-failed'>
<tr><td colspan='4' align='center'><b>FAILED CONFIGURATIONS</b></td></tr>
<tr><td><b>Test method</b></td>
<td width="30%"><b>Exception</b></td>
<td width="10%"><b>Time (seconds)</b></td>
<td><b>Instance</b></td>
</tr>
<tr>
<td title='testng.FindPost.afterClass()'><b>afterClass</b><br>Test class: testng.FindPost</td>
<td><div><pre>org.openqa.selenium.WebDriverException: Session [0939271e-d40d-41da-8d3f-e1cd9f824067] was terminated due to FORWARDING_TO_NODE_FAILED
Command duration or timeout: 58 milliseconds
Build info: version: &apos;2.45.0&apos;, revision: &apos;5017cb8e7ca8e37638dc3091b2440b90a1d8686f&apos;, time: &apos;2015-02-27 09:10:26&apos;
System info: host: &apos;WIN-JSR14J9SQIC&apos;, ip: &apos;127.0.0.1&apos;, os.name: &apos;Windows 8.1&apos;, os.arch: &apos;amd64&apos;, os.version: &apos;6.3&apos;, java.version: &apos;1.7.0_79&apos;
Session ID: 0939271e-d40d-41da-8d3f-e1cd9f824067
Driver info: org.openqa.selenium.remote.RemoteWebDriver
Capabilities [{platform=WIN8_1, acceptSslCerts=true, javascriptEnabled=true, browserName=chrome, chrome={userDataDir=C:\Users\AvnerG\AppData\Local\Temp\scoped_dir5000_16957}, rotatable=false, locationContextEnabled=true, mobileEmulationEnabled=false, webdriver.remote.sessionid=0939271e-d40d-41da-8d3f-e1cd9f824067, version=45.0.2454.85, takesHeapSnapshot=true, cssSelectorsEnabled=true, databaseEnabled=false, handlesAlerts=true, browserConnectionEnabled=false, webStorageEnabled=true, nativeEvents=true, applicationCacheEnabled=false, takesScreenshot=true}]
	at sun.reflect.NativeConstructorAccessorImpl.newInstance0(Native Method)
	at sun.reflect.NativeConstructorAccessorImpl.newInstance(NativeConstructorAccessorImpl.java:57)
	at sun.reflect.DelegatingConstructorAccessorImpl.newInstance(DelegatingConstructorAccessorImpl.java:45)
	at java.lang.reflect.Constructor.newInstance(Constructor.java:526)
	at org.openqa.selenium.remote.ErrorHandler.createThrowable(ErrorHandler.java:204)
	at org.openqa.selenium.remote.ErrorHandler.throwIfResponseFailed(ErrorHandler.java:156)
	at org.openqa.selenium.remote.RemoteWebDriver.execute(RemoteWebDriver.java:599)
	at org.openqa.selenium.remote.RemoteWebDriver.execute(RemoteWebDriver.java:622)
	at org.openqa.selenium.remote.RemoteWebDriver.quit(RemoteWebDriver.java:468)
	at com.perfectomobile.test.BasicTest.afterClass(BasicTest.java:254)
	at sun.reflect.NativeMethodAccessorImpl.invoke0(Native Method)
	at sun.reflect.NativeMethodAccessorImpl.invoke(NativeMethodAccessorImpl.java:57)
	at sun.reflect.DelegatingMethodAccessorImpl.invoke(DelegatingMethodAccessorImpl.java:43)
	at java.lang.reflect.Method.invoke(Method.java:606)
	at org.testng.internal.MethodInvocationHelper.invokeMethod(MethodInvocationHelper.java:84)
	at org.testng.internal.Invoker.invokeConfigurationMethod(Invoker.java:564)
	at org.testng.internal.Invoker.invokeConfigurations(Invoker.java:213)
	at org.testng.internal.Invoker.invokeConfigurations(Invoker.java:138)
	at org.testng.internal.TestMethodWorker.invokeAfterClassMethods(TestMethodWorker.java:225)
	at org.testng.internal.TestMethodWorker.run(TestMethodWorker.java:114)
	at org.testng.TestRunner.privateRun(TestRunner.java:767)
	at org.testng.TestRunner.run(TestRunner.java:617)
	at org.testng.SuiteRunner.runTest(SuiteRunner.java:348)
	at org.testng.SuiteRunner.runSequentially(SuiteRunner.java:343)
	at org.testng.SuiteRunner.privateRun(SuiteRunner.java:305)
	at org.testng.SuiteRunner.run(SuiteRunner.java:254)
	at org.testng.SuiteRunnerWorker.runSuite(SuiteRunnerWorker.java:52)
	at org.testng.SuiteRunnerWorker.run(SuiteRunnerWorker.java:86)
	at org.testng.TestNG.runSuitesSequentially(TestNG.java:1224)
	at org.testng.TestNG.runSuitesLocally(TestNG.java:1149)
	at org.testng.TestNG.run(TestNG.java:1057)
	at org.testng.remote.RemoteTestNG.run(RemoteTestNG.java:111)
	at org.testng.remote.RemoteTestNG.initAndRun(RemoteTestNG.java:204)
	at org.testng.remote.RemoteTestNG.main(RemoteTestNG.java:175)
Caused by: org.openqa.selenium.WebDriverException: Session [0939271e-d40d-41da-8d3f-e1cd9f824067] was terminated due to FORWARDING_TO_NODE_FAILED
Build info: version: &apos;2.45.0&apos;, revision: &apos;5017cb8e7ca8e37638dc3091b2440b90a1d8686f&apos;, time: &apos;2015-02-27 09:10:26&apos;
System info: host: &apos;WIN-JSR14J9SQIC&apos;, ip: &apos;127.0.0.1&apos;, os.name: &apos;Windows 8.1&apos;, os.arch: &apos;amd64&apos;, os.version: &apos;6.3&apos;, java.version: &apos;1.7.0_79&apos;
Driver info: driver.version: unknown
	at org.openqa.grid.internal.ActiveTestSessions.getExistingSession(ActiveTestSessions.java:105)
	at org.openqa.grid.internal.Registry.getExistingSession(Registry.java:423)
	at org.openqa.grid.web.servlet.handler.RequestHandler.getSession(RequestHandler.java:238)
	at org.openqa.grid.web.servlet.handler.RequestHandler.process(RequestHandler.java:119)
	at org.openqa.grid.web.servlet.DriverServlet.process(DriverServlet.java:83)
	at org.openqa.grid.web.servlet.DriverServlet.doDelete(DriverServlet.java:73)
	at javax.servlet.http.HttpServlet.service(HttpServlet.java:733)
	at javax.servlet.http.HttpServlet.service(HttpServlet.java:820)
	at org.seleniumhq.jetty7.servlet.ServletHolder.handle(ServletHolder.java:565)
	at org.seleniumhq.jetty7.servlet.ServletHandler.doHandle(ServletHandler.java:479)
	at org.seleniumhq.jetty7.server.session.SessionHandler.doHandle(SessionHandler.java:225)
	at org.seleniumhq.jetty7.server.handler.ContextHandler.doHandle(ContextHandler.java:1031)
	at org.seleniumhq.jetty7.servlet.ServletHandler.doScope(ServletHandler.java:406)
	at org.seleniumhq.jetty7.server.session.SessionHandler.doScope(SessionHandler.java:186)
	at org.seleniumhq.jetty7.server.handler.ContextHandler.doScope(ContextHandler.java:965)
	at org.seleniumhq.jetty7.server.handler.ScopedHandler.handle(ScopedHandler.java:117)
	at org.seleniumhq.jetty7.server.handler.HandlerWrapper.handle(HandlerWrapper.java:111)
	at org.seleniumhq.jetty7.server.Server.handle(Server.java:349)
	at org.seleniumhq.jetty7.server.AbstractHttpConnection.handleRequest(AbstractHttpConnection.java:452)
	at org.seleniumhq.jetty7.server.BlockingHttpConnection.handleRequest(BlockingHttpConnection.java:47)
	at org.seleniumhq.jetty7.server.AbstractHttpConnection.headerComplete(AbstractHttpConnection.java:884)
	at org.seleniumhq.jetty7.server.AbstractHttpConnection$RequestHandler.headerComplete(AbstractHttpConnection.java:938)
	at org.seleniumhq.jetty7.http.HttpParser.parseNext(HttpParser.java:634)
	at org.seleniumhq.jetty7.http.HttpParser.parseAvailable(HttpParser.java:230)
	at org.seleniumhq.jetty7.server.BlockingHttpConnection.handle(BlockingHttpConnection.java:66)
	at org.seleniumhq.jetty7.server.bio.SocketConnector$ConnectorEndPoint.run(SocketConnector.java:254)
	at org.seleniumhq.jetty7.util.thread.QueuedThreadPool.runJob(QueuedThreadPool.java:599)
	at org.seleniumhq.jetty7.util.thread.QueuedThreadPool$3.run(QueuedThreadPool.java:534)
	at java.lang.Thread.run(Unknown Source)
</pre></div><a href='#' onClick='toggleBox("stack-trace1826083134", this, "Click to show all stack frames", "Click to hide stack frames")'>Click to show all stack frames</a>
<div class='stack-trace' id='stack-trace1826083134'><pre>org.openqa.selenium.WebDriverException: Session [0939271e-d40d-41da-8d3f-e1cd9f824067] was terminated due to FORWARDING_TO_NODE_FAILED
Command duration or timeout: 58 milliseconds
Build info: version: &apos;2.45.0&apos;, revision: &apos;5017cb8e7ca8e37638dc3091b2440b90a1d8686f&apos;, time: &apos;2015-02-27 09:10:26&apos;
System info: host: &apos;WIN-JSR14J9SQIC&apos;, ip: &apos;127.0.0.1&apos;, os.name: &apos;Windows 8.1&apos;, os.arch: &apos;amd64&apos;, os.version: &apos;6.3&apos;, java.version: &apos;1.7.0_79&apos;
Session ID: 0939271e-d40d-41da-8d3f-e1cd9f824067
Driver info: org.openqa.selenium.remote.RemoteWebDriver
Capabilities [{platform=WIN8_1, acceptSslCerts=true, javascriptEnabled=true, browserName=chrome, chrome={userDataDir=C:\Users\AvnerG\AppData\Local\Temp\scoped_dir5000_16957}, rotatable=false, locationContextEnabled=true, mobileEmulationEnabled=false, webdriver.remote.sessionid=0939271e-d40d-41da-8d3f-e1cd9f824067, version=45.0.2454.85, takesHeapSnapshot=true, cssSelectorsEnabled=true, databaseEnabled=false, handlesAlerts=true, browserConnectionEnabled=false, webStorageEnabled=true, nativeEvents=true, applicationCacheEnabled=false, takesScreenshot=true}]
	at sun.reflect.NativeConstructorAccessorImpl.newInstance0(Native Method)
	at sun.reflect.NativeConstructorAccessorImpl.newInstance(NativeConstructorAccessorImpl.java:57)
	at sun.reflect.DelegatingConstructorAccessorImpl.newInstance(DelegatingConstructorAccessorImpl.java:45)
	at java.lang.reflect.Constructor.newInstance(Constructor.java:526)
	at org.openqa.selenium.remote.ErrorHandler.createThrowable(ErrorHandler.java:204)
	at org.openqa.selenium.remote.ErrorHandler.throwIfResponseFailed(ErrorHandler.java:156)
	at org.openqa.selenium.remote.RemoteWebDriver.execute(RemoteWebDriver.java:599)
	at org.openqa.selenium.remote.RemoteWebDriver.execute(RemoteWebDriver.java:622)
	at org.openqa.selenium.remote.RemoteWebDriver.quit(RemoteWebDriver.java:468)
	at com.perfectomobile.test.BasicTest.afterClass(BasicTest.java:254)
	at sun.reflect.NativeMethodAccessorImpl.invoke0(Native Method)
	at sun.reflect.NativeMethodAccessorImpl.invoke(NativeMethodAccessorImpl.java:57)
	at sun.reflect.DelegatingMethodAccessorImpl.invoke(DelegatingMethodAccessorImpl.java:43)
	at java.lang.reflect.Method.invoke(Method.java:606)
	at org.testng.internal.MethodInvocationHelper.invokeMethod(MethodInvocationHelper.java:84)
	at org.testng.internal.Invoker.invokeConfigurationMethod(Invoker.java:564)
	at org.testng.internal.Invoker.invokeConfigurations(Invoker.java:213)
	at org.testng.internal.Invoker.invokeConfigurations(Invoker.java:138)
	at org.testng.internal.TestMethodWorker.invokeAfterClassMethods(TestMethodWorker.java:225)
	at org.testng.internal.TestMethodWorker.run(TestMethodWorker.java:114)
	at org.testng.TestRunner.privateRun(TestRunner.java:767)
	at org.testng.TestRunner.run(TestRunner.java:617)
	at org.testng.SuiteRunner.runTest(SuiteRunner.java:348)
	at org.testng.SuiteRunner.runSequentially(SuiteRunner.java:343)
	at org.testng.SuiteRunner.privateRun(SuiteRunner.java:305)
	at org.testng.SuiteRunner.run(SuiteRunner.java:254)
	at org.testng.SuiteRunnerWorker.runSuite(SuiteRunnerWorker.java:52)
	at org.testng.SuiteRunnerWorker.run(SuiteRunnerWorker.java:86)
	at org.testng.TestNG.runSuitesSequentially(TestNG.java:1224)
	at org.testng.TestNG.runSuitesLocally(TestNG.java:1149)
	at org.testng.TestNG.run(TestNG.java:1057)
	at org.testng.remote.RemoteTestNG.run(RemoteTestNG.java:111)
	at org.testng.remote.RemoteTestNG.initAndRun(RemoteTestNG.java:204)
	at org.testng.remote.RemoteTestNG.main(RemoteTestNG.java:175)
Caused by: org.openqa.selenium.WebDriverException: Session [0939271e-d40d-41da-8d3f-e1cd9f824067] was terminated due to FORWARDING_TO_NODE_FAILED
Build info: version: &apos;2.45.0&apos;, revision: &apos;5017cb8e7ca8e37638dc3091b2440b90a1d8686f&apos;, time: &apos;2015-02-27 09:10:26&apos;
System info: host: &apos;WIN-JSR14J9SQIC&apos;, ip: &apos;127.0.0.1&apos;, os.name: &apos;Windows 8.1&apos;, os.arch: &apos;amd64&apos;, os.version: &apos;6.3&apos;, java.version: &apos;1.7.0_79&apos;
Driver info: driver.version: unknown
	at org.openqa.grid.internal.ActiveTestSessions.getExistingSession(ActiveTestSessions.java:105)
	at org.openqa.grid.internal.Registry.getExistingSession(Registry.java:423)
	at org.openqa.grid.web.servlet.handler.RequestHandler.getSession(RequestHandler.java:238)
	at org.openqa.grid.web.servlet.handler.RequestHandler.process(RequestHandler.java:119)
	at org.openqa.grid.web.servlet.DriverServlet.process(DriverServlet.java:83)
	at org.openqa.grid.web.servlet.DriverServlet.doDelete(DriverServlet.java:73)
	at javax.servlet.http.HttpServlet.service(HttpServlet.java:733)
	at javax.servlet.http.HttpServlet.service(HttpServlet.java:820)
	at org.seleniumhq.jetty7.servlet.ServletHolder.handle(ServletHolder.java:565)
	at org.seleniumhq.jetty7.servlet.ServletHandler.doHandle(ServletHandler.java:479)
	at org.seleniumhq.jetty7.server.session.SessionHandler.doHandle(SessionHandler.java:225)
	at org.seleniumhq.jetty7.server.handler.ContextHandler.doHandle(ContextHandler.java:1031)
	at org.seleniumhq.jetty7.servlet.ServletHandler.doScope(ServletHandler.java:406)
	at org.seleniumhq.jetty7.server.session.SessionHandler.doScope(SessionHandler.java:186)
	at org.seleniumhq.jetty7.server.handler.ContextHandler.doScope(ContextHandler.java:965)
	at org.seleniumhq.jetty7.server.handler.ScopedHandler.handle(ScopedHandler.java:117)
	at org.seleniumhq.jetty7.server.handler.HandlerWrapper.handle(HandlerWrapper.java:111)
	at org.seleniumhq.jetty7.server.Server.handle(Server.java:349)
	at org.seleniumhq.jetty7.server.AbstractHttpConnection.handleRequest(AbstractHttpConnection.java:452)
	at org.seleniumhq.jetty7.server.BlockingHttpConnection.handleRequest(BlockingHttpConnection.java:47)
	at org.seleniumhq.jetty7.server.AbstractHttpConnection.headerComplete(AbstractHttpConnection.java:884)
	at org.seleniumhq.jetty7.server.AbstractHttpConnection$RequestHandler.headerComplete(AbstractHttpConnection.java:938)
	at org.seleniumhq.jetty7.http.HttpParser.parseNext(HttpParser.java:634)
	at org.seleniumhq.jetty7.http.HttpParser.parseAvailable(HttpParser.java:230)
	at org.seleniumhq.jetty7.server.BlockingHttpConnection.handle(BlockingHttpConnection.java:66)
	at org.seleniumhq.jetty7.server.bio.SocketConnector$ConnectorEndPoint.run(SocketConnector.java:254)
	at org.seleniumhq.jetty7.util.thread.QueuedThreadPool.runJob(QueuedThreadPool.java:599)
	at org.seleniumhq.jetty7.util.thread.QueuedThreadPool$3.run(QueuedThreadPool.java:534)
	at java.lang.Thread.run(Unknown Source)
</pre></div></td>
<td>0</td>
<td>testng.FindPost@3ef5da83</td></tr>
</table><p>
<table width='100%' border='1' class='invocation-skipped'>
<tr><td colspan='4' align='center'><b>SKIPPED CONFIGURATIONS</b></td></tr>
<tr><td><b>Test method</b></td>
<td width="30%"><b>Exception</b></td>
<td width="10%"><b>Time (seconds)</b></td>
<td><b>Instance</b></td>
</tr>
<tr>
<td title='testng.FindPost.beforeClass()'><b>beforeClass</b><br>Test class: testng.FindPost</td>
<td></td>
<td>0</td>
<td>testng.FindPost@70cca65d</td></tr>
<tr>
<td title='testng.FindPost.beforeClass()'><b>beforeClass</b><br>Test class: testng.FindPost</td>
<td></td>
<td>0</td>
<td>testng.FindPost@7edceebf</td></tr>
<tr>
<td title='testng.FindPost.beforeClass()'><b>beforeClass</b><br>Test class: testng.FindPost</td>
<td></td>
<td>0</td>
<td>testng.FindPost@7eee0e6f</td></tr>
<tr>
<td title='testng.FindPost.beforeClass()'><b>beforeClass</b><br>Test class: testng.FindPost</td>
<td></td>
<td>0</td>
<td>testng.FindPost@bbe5d86</td></tr>
<tr>
<td title='testng.FindPost.beforeMethod()'><b>beforeMethod</b><br>Test class: testng.FindPost</td>
<td></td>
<td>0</td>
<td>testng.FindPost@70cca65d</td></tr>
<tr>
<td title='testng.FindPost.beforeMethod()'><b>beforeMethod</b><br>Test class: testng.FindPost</td>
<td></td>
<td>0</td>
<td>testng.FindPost@70cca65d</td></tr>
<tr>
<td title='testng.FindPost.beforeMethod()'><b>beforeMethod</b><br>Test class: testng.FindPost</td>
<td></td>
<td>0</td>
<td>testng.FindPost@70cca65d</td></tr>
<tr>
<td title='testng.FindPost.beforeMethod()'><b>beforeMethod</b><br>Test class: testng.FindPost</td>
<td></td>
<td>0</td>
<td>testng.FindPost@70cca65d</td></tr>
<tr>
<td title='testng.FindPost.beforeMethod()'><b>beforeMethod</b><br>Test class: testng.FindPost</td>
<td></td>
<td>0</td>
<td>testng.FindPost@7edceebf</td></tr>
<tr>
<td title='testng.FindPost.beforeMethod()'><b>beforeMethod</b><br>Test class: testng.FindPost</td>
<td></td>
<td>0</td>
<td>testng.FindPost@7edceebf</td></tr>
<tr>
<td title='testng.FindPost.beforeMethod()'><b>beforeMethod</b><br>Test class: testng.FindPost</td>
<td></td>
<td>0</td>
<td>testng.FindPost@7edceebf</td></tr>
<tr>
<td title='testng.FindPost.beforeMethod()'><b>beforeMethod</b><br>Test class: testng.FindPost</td>
<td></td>
<td>0</td>
<td>testng.FindPost@7edceebf</td></tr>
<tr>
<td title='testng.FindPost.beforeMethod()'><b>beforeMethod</b><br>Test class: testng.FindPost</td>
<td></td>
<td>0</td>
<td>testng.FindPost@7eee0e6f</td></tr>
<tr>
<td title='testng.FindPost.beforeMethod()'><b>beforeMethod</b><br>Test class: testng.FindPost</td>
<td></td>
<td>0</td>
<td>testng.FindPost@7eee0e6f</td></tr>
<tr>
<td title='testng.FindPost.beforeMethod()'><b>beforeMethod</b><br>Test class: testng.FindPost</td>
<td></td>
<td>0</td>
<td>testng.FindPost@7eee0e6f</td></tr>
<tr>
<td title='testng.FindPost.beforeMethod()'><b>beforeMethod</b><br>Test class: testng.FindPost</td>
<td></td>
<td>0</td>
<td>testng.FindPost@7eee0e6f</td></tr>
<tr>
<td title='testng.FindPost.beforeMethod()'><b>beforeMethod</b><br>Test class: testng.FindPost</td>
<td></td>
<td>0</td>
<td>testng.FindPost@bbe5d86</td></tr>
<tr>
<td title='testng.FindPost.beforeMethod()'><b>beforeMethod</b><br>Test class: testng.FindPost</td>
<td></td>
<td>0</td>
<td>testng.FindPost@bbe5d86</td></tr>
<tr>
<td title='testng.FindPost.beforeMethod()'><b>beforeMethod</b><br>Test class: testng.FindPost</td>
<td></td>
<td>0</td>
<td>testng.FindPost@bbe5d86</td></tr>
<tr>
<td title='testng.FindPost.beforeMethod()'><b>beforeMethod</b><br>Test class: testng.FindPost</td>
<td></td>
<td>0</td>
<td>testng.FindPost@bbe5d86</td></tr>
<tr>
<td title='testng.FindPost.afterClass()'><b>afterClass</b><br>Test class: testng.FindPost</td>
<td></td>
<td>0</td>
<td>testng.FindPost@70cca65d</td></tr>
<tr>
<td title='testng.FindPost.afterClass()'><b>afterClass</b><br>Test class: testng.FindPost</td>
<td></td>
<td>0</td>
<td>testng.FindPost@7edceebf</td></tr>
<tr>
<td title='testng.FindPost.afterClass()'><b>afterClass</b><br>Test class: testng.FindPost</td>
<td></td>
<td>0</td>
<td>testng.FindPost@7eee0e6f</td></tr>
<tr>
<td title='testng.FindPost.afterClass()'><b>afterClass</b><br>Test class: testng.FindPost</td>
<td></td>
<td>0</td>
<td>testng.FindPost@bbe5d86</td></tr>
</table><p>
<table width='100%' border='1' class='invocation-failed'>
<tr><td colspan='4' align='center'><b>FAILED TESTS</b></td></tr>
<tr><td><b>Test method</b></td>
<td width="30%"><b>Exception</b></td>
<td width="10%"><b>Time (seconds)</b></td>
<td><b>Instance</b></td>
</tr>
<tr>
<td title='testng.FindPost.findPost()'><b>findPost</b><br>Test class: testng.FindPost<br>Parameters: ci, , </td>
<td><div><pre>java.lang.NullPointerException
	at testng.FindPost.findPost(FindPost.java:31)
	at sun.reflect.NativeMethodAccessorImpl.invoke0(Native Method)
	at sun.reflect.NativeMethodAccessorImpl.invoke(NativeMethodAccessorImpl.java:57)
	at sun.reflect.DelegatingMethodAccessorImpl.invoke(DelegatingMethodAccessorImpl.java:43)
	at java.lang.reflect.Method.invoke(Method.java:606)
	at org.testng.internal.MethodInvocationHelper.invokeMethod(MethodInvocationHelper.java:84)
	at org.testng.internal.Invoker.invokeMethod(Invoker.java:714)
	at org.testng.internal.Invoker.invokeTestMethod(Invoker.java:901)
	at org.testng.internal.Invoker.invokeTestMethods(Invoker.java:1231)
	at org.testng.internal.TestMethodWorker.invokeTestMethods(TestMethodWorker.java:127)
	at org.testng.internal.TestMethodWorker.run(TestMethodWorker.java:111)
	at org.testng.TestRunner.privateRun(TestRunner.java:767)
	at org.testng.TestRunner.run(TestRunner.java:617)
	at org.testng.SuiteRunner.runTest(SuiteRunner.java:348)
	at org.testng.SuiteRunner.runSequentially(SuiteRunner.java:343)
	at org.testng.SuiteRunner.privateRun(SuiteRunner.java:305)
	at org.testng.SuiteRunner.run(SuiteRunner.java:254)
	at org.testng.SuiteRunnerWorker.runSuite(SuiteRunnerWorker.java:52)
	at org.testng.SuiteRunnerWorker.run(SuiteRunnerWorker.java:86)
	at org.testng.TestNG.runSuitesSequentially(TestNG.java:1224)
	at org.testng.TestNG.runSuitesLocally(TestNG.java:1149)
	at org.testng.TestNG.run(TestNG.java:1057)
	at org.testng.remote.RemoteTestNG.run(RemoteTestNG.java:111)
	at org.testng.remote.RemoteTestNG.initAndRun(RemoteTestNG.java:204)
	at org.testng.remote.RemoteTestNG.main(RemoteTestNG.java:175)
</pre></div><a href='#' onClick='toggleBox("stack-trace1051128108", this, "Click to show all stack frames", "Click to hide stack frames")'>Click to show all stack frames</a>
<div class='stack-trace' id='stack-trace1051128108'><pre>java.lang.NullPointerException
	at testng.FindPost.findPost(FindPost.java:31)
	at sun.reflect.NativeMethodAccessorImpl.invoke0(Native Method)
	at sun.reflect.NativeMethodAccessorImpl.invoke(NativeMethodAccessorImpl.java:57)
	at sun.reflect.DelegatingMethodAccessorImpl.invoke(DelegatingMethodAccessorImpl.java:43)
	at java.lang.reflect.Method.invoke(Method.java:606)
	at org.testng.internal.MethodInvocationHelper.invokeMethod(MethodInvocationHelper.java:84)
	at org.testng.internal.Invoker.invokeMethod(Invoker.java:714)
	at org.testng.internal.Invoker.invokeTestMethod(Invoker.java:901)
	at org.testng.internal.Invoker.invokeTestMethods(Invoker.java:1231)
	at org.testng.internal.TestMethodWorker.invokeTestMethods(TestMethodWorker.java:127)
	at org.testng.internal.TestMethodWorker.run(TestMethodWorker.java:111)
	at org.testng.TestRunner.privateRun(TestRunner.java:767)
	at org.testng.TestRunner.run(TestRunner.java:617)
	at org.testng.SuiteRunner.runTest(SuiteRunner.java:348)
	at org.testng.SuiteRunner.runSequentially(SuiteRunner.java:343)
	at org.testng.SuiteRunner.privateRun(SuiteRunner.java:305)
	at org.testng.SuiteRunner.run(SuiteRunner.java:254)
	at org.testng.SuiteRunnerWorker.runSuite(SuiteRunnerWorker.java:52)
	at org.testng.SuiteRunnerWorker.run(SuiteRunnerWorker.java:86)
	at org.testng.TestNG.runSuitesSequentially(TestNG.java:1224)
	at org.testng.TestNG.runSuitesLocally(TestNG.java:1149)
	at org.testng.TestNG.run(TestNG.java:1057)
	at org.testng.remote.RemoteTestNG.run(RemoteTestNG.java:111)
	at org.testng.remote.RemoteTestNG.initAndRun(RemoteTestNG.java:204)
	at org.testng.remote.RemoteTestNG.main(RemoteTestNG.java:175)
</pre></div></td>
<td>3</td>
<td>testng.FindPost@3ef5da83</td></tr>
</table><p>
<table width='100%' border='1' class='invocation-passed'>
<tr><td colspan='4' align='center'><b>PASSED TESTS</b></td></tr>
<tr><td><b>Test method</b></td>
<td width="30%"><b>Exception</b></td>
<td width="10%"><b>Time (seconds)</b></td>
<td><b>Instance</b></td>
</tr>
<tr>
<td title='testng.FindPost.findPost()'><b>findPost</b><br>Test class: testng.FindPost<br>Parameters: fluent wait, , </td>
<td></td>
<td>9</td>
<td>testng.FindPost@3ef5da83</td></tr>
<tr>
<td title='testng.FindPost.findPost()'><b>findPost</b><br>Test class: testng.FindPost<br>Parameters: testng, , </td>
<td></td>
<td>4</td>
<td>testng.FindPost@3ef5da83</td></tr>
<tr>
<td title='testng.FindPost.findPost()'><b>findPost</b><br>Test class: testng.FindPost<br>Parameters: jenkins, , </td>
<td></td>
<td>5</td>
<td>testng.FindPost@3ef5da83</td></tr>
</table><p>
<table width='100%' border='1' class='invocation-skipped'>
<tr><td colspan='4' align='center'><b>SKIPPED TESTS</b></td></tr>
<tr><td><b>Test method</b></td>
<td width="30%"><b>Exception</b></td>
<td width="10%"><b>Time (seconds)</b></td>
<td><b>Instance</b></td>
</tr>
<tr>
<td title='testng.FindPost.findPost()'><b>findPost</b><br>Test class: testng.FindPost<br>Parameters: fluent wait, 1.0, Selenium wait for object</td>
<td></td>
<td>0</td>
<td>testng.FindPost@70cca65d</td></tr>
<tr>
<td title='testng.FindPost.findPost()'><b>findPost</b><br>Test class: testng.FindPost<br>Parameters: testng, 1.0, Manage TestNG execution and Data</td>
<td></td>
<td>0</td>
<td>testng.FindPost@70cca65d</td></tr>
<tr>
<td title='testng.FindPost.findPost()'><b>findPost</b><br>Test class: testng.FindPost<br>Parameters: jenkins setup, 2.0, Jenkins TomCat Setup as a Windows Service – CI Automation</td>
<td></td>
<td>0</td>
<td>testng.FindPost@70cca65d</td></tr>
<tr>
<td title='testng.FindPost.findPost()'><b>findPost</b><br>Test class: testng.FindPost<br>Parameters: ci, 1.0, Jenkins TomCat Setup as a Windows Service – CI Automation</td>
<td></td>
<td>0</td>
<td>testng.FindPost@70cca65d</td></tr>
<tr>
<td title='testng.FindPost.findPost()'><b>findPost</b><br>Test class: testng.FindPost<br>Parameters: fluent wait, 1.0, Selenium wait for object</td>
<td></td>
<td>0</td>
<td>testng.FindPost@7edceebf</td></tr>
<tr>
<td title='testng.FindPost.findPost()'><b>findPost</b><br>Test class: testng.FindPost<br>Parameters: testng, 1.0, Manage TestNG execution and Data</td>
<td></td>
<td>0</td>
<td>testng.FindPost@7edceebf</td></tr>
<tr>
<td title='testng.FindPost.findPost()'><b>findPost</b><br>Test class: testng.FindPost<br>Parameters: jenkins setup, 2.0, Jenkins TomCat Setup as a Windows Service – CI Automation</td>
<td></td>
<td>0</td>
<td>testng.FindPost@7edceebf</td></tr>
<tr>
<td title='testng.FindPost.findPost()'><b>findPost</b><br>Test class: testng.FindPost<br>Parameters: ci, 1.0, Jenkins TomCat Setup as a Windows Service – CI Automation</td>
<td></td>
<td>0</td>
<td>testng.FindPost@7edceebf</td></tr>
<tr>
<td title='testng.FindPost.findPost()'><b>findPost</b><br>Test class: testng.FindPost<br>Parameters: fluent wait, 1.0, Selenium wait for object</td>
<td></td>
<td>0</td>
<td>testng.FindPost@7eee0e6f</td></tr>
<tr>
<td title='testng.FindPost.findPost()'><b>findPost</b><br>Test class: testng.FindPost<br>Parameters: testng, 1.0, Manage TestNG execution and Data</td>
<td></td>
<td>0</td>
<td>testng.FindPost@7eee0e6f</td></tr>
<tr>
<td title='testng.FindPost.findPost()'><b>findPost</b><br>Test class: testng.FindPost<br>Parameters: jenkins setup, 2.0, Jenkins TomCat Setup as a Windows Service – CI Automation</td>
<td></td>
<td>0</td>
<td>testng.FindPost@7eee0e6f</td></tr>
<tr>
<td title='testng.FindPost.findPost()'><b>findPost</b><br>Test class: testng.FindPost<br>Parameters: ci, 1.0, Jenkins TomCat Setup as a Windows Service – CI Automation</td>
<td></td>
<td>0</td>
<td>testng.FindPost@7eee0e6f</td></tr>
<tr>
<td title='testng.FindPost.findPost()'><b>findPost</b><br>Test class: testng.FindPost<br>Parameters: fluent wait, 1.0, Selenium wait for object</td>
<td></td>
<td>0</td>
<td>testng.FindPost@bbe5d86</td></tr>
<tr>
<td title='testng.FindPost.findPost()'><b>findPost</b><br>Test class: testng.FindPost<br>Parameters: testng, 1.0, Manage TestNG execution and Data</td>
<td></td>
<td>0</td>
<td>testng.FindPost@bbe5d86</td></tr>
<tr>
<td title='testng.FindPost.findPost()'><b>findPost</b><br>Test class: testng.FindPost<br>Parameters: jenkins setup, 2.0, Jenkins TomCat Setup as a Windows Service – CI Automation</td>
<td></td>
<td>0</td>
<td>testng.FindPost@bbe5d86</td></tr>
<tr>
<td title='testng.FindPost.findPost()'><b>findPost</b><br>Test class: testng.FindPost<br>Parameters: ci, 1.0, Jenkins TomCat Setup as a Windows Service – CI Automation</td>
<td></td>
<td>0</td>
<td>testng.FindPost@bbe5d86</td></tr>
</table><p>
</body>
</html>